2024-10-18 13:05:00,156 INFO    : 当前模型:Plan_yuan
2024-10-18 13:05:00,188 INFO    : Model Parameter Configuration:
2024-10-18 13:05:00,189 INFO    : Parameter ent_embeddings.weight: torch.Size([2909, 200]), require_grad = True
2024-10-18 13:05:00,197 INFO    : Parameter rel_embeddings.weight: torch.Size([466, 200]), require_grad = True
2024-10-18 13:05:01,728 INFO    : Namespace(snapshot_num=5, dataset='ENTITY', gpu='1', loss_name='Margin', train_new=True, skip_previous='False', lifelong_name='LKGE', optimizer_name='Adam', embedding_model='TransE', epoch_num='100', margin=8.0, batch_size=2048, learning_rate=0.0001, emb_dim=200, l2=0.0, neg_ratio=10, patience=3, regular_weight=0.01, reconstruct_weight=0.1, using_regular_loss='True', using_reconstruct_loss='True', using_embedding_transfer='True', using_finetune='True', save_path='./checkpoint/ENTITY-TransE-LKGE-Margin', data_path='./data/ENTITY/', log_path='./logs/20241018/ENTITY-TransE-LKGE-Margin', num_layer=1, num_workers=1, valid_metrics='mrr', valid=True, note='', seed=55, m_size=1024, PI_GNN='True', rectify_epochs=15, retrain_epochs=60, beta1=0.01, beta2=0.1, rectify_lr=0.0003, retrain_lr=0.0003, rectify_weight_decay=0, retrain_weight_decay=0, Pass_snapshot0='False', Plan_yuan='True', Plan_weight='False', logger=<RootLogger root (INFO)>, device=device(type='cuda', index=1))
2024-10-18 13:05:29,566 INFO    : Snapshot:0	Epoch:0	Loss:22.356	MRR:1.06	Hits@10:1.27	Best:1.06
2024-10-18 13:05:40,326 INFO    : Snapshot:0	Epoch:1	Loss:21.771	MRR:1.25	Hits@10:1.77	Best:1.25
2024-10-18 13:05:58,084 INFO    : Snapshot:0	Epoch:2	Loss:21.206	MRR:1.63	Hits@10:2.78	Best:1.63
2024-10-18 13:06:13,405 INFO    : Snapshot:0	Epoch:3	Loss:20.691	MRR:2.29	Hits@10:4.52	Best:2.29
2024-10-18 13:06:31,593 INFO    : Snapshot:0	Epoch:4	Loss:20.164	MRR:3.09	Hits@10:6.35	Best:3.09
2024-10-18 13:06:42,886 INFO    : Snapshot:0	Epoch:5	Loss:19.654	MRR:3.84	Hits@10:8.02	Best:3.84
2024-10-18 13:06:57,997 INFO    : Snapshot:0	Epoch:6	Loss:19.166	MRR:4.53	Hits@10:9.72	Best:4.53
2024-10-18 13:07:11,262 INFO    : Snapshot:0	Epoch:7	Loss:18.656	MRR:5.22	Hits@10:11.26	Best:5.22
2024-10-18 13:07:27,928 INFO    : Snapshot:0	Epoch:8	Loss:18.182	MRR:5.89	Hits@10:13.12	Best:5.89
2024-10-18 13:07:42,584 INFO    : Snapshot:0	Epoch:9	Loss:17.687	MRR:6.57	Hits@10:15.12	Best:6.57
2024-10-18 13:08:01,062 INFO    : Snapshot:0	Epoch:10	Loss:17.202	MRR:7.29	Hits@10:17.12	Best:7.29
2024-10-18 13:08:29,082 INFO    : Snapshot:0	Epoch:11	Loss:16.726	MRR:8.01	Hits@10:19.19	Best:8.01
2024-10-18 13:08:56,669 INFO    : Snapshot:0	Epoch:12	Loss:16.236	MRR:8.73	Hits@10:21.51	Best:8.73
2024-10-18 13:09:24,022 INFO    : Snapshot:0	Epoch:13	Loss:15.755	MRR:9.46	Hits@10:23.7	Best:9.46
2024-10-18 13:09:51,328 INFO    : Snapshot:0	Epoch:14	Loss:15.265	MRR:10.18	Hits@10:25.61	Best:10.18
2024-10-18 13:10:18,942 INFO    : Snapshot:0	Epoch:15	Loss:14.751	MRR:10.85	Hits@10:27.52	Best:10.85
2024-10-18 13:10:46,566 INFO    : Snapshot:0	Epoch:16	Loss:14.241	MRR:11.5	Hits@10:29.59	Best:11.5
2024-10-18 13:11:12,951 INFO    : Snapshot:0	Epoch:17	Loss:13.71	MRR:12.13	Hits@10:31.38	Best:12.13
2024-10-18 13:11:40,560 INFO    : Snapshot:0	Epoch:18	Loss:13.183	MRR:12.74	Hits@10:33.09	Best:12.74
2024-10-18 13:12:03,640 INFO    : Snapshot:0	Epoch:19	Loss:12.641	MRR:13.33	Hits@10:34.73	Best:13.33
2024-10-18 13:12:29,543 INFO    : Snapshot:0	Epoch:20	Loss:12.092	MRR:14.04	Hits@10:36.3	Best:14.04
2024-10-18 13:12:55,301 INFO    : Snapshot:0	Epoch:21	Loss:11.52	MRR:14.74	Hits@10:37.89	Best:14.74
2024-10-18 13:13:21,637 INFO    : Snapshot:0	Epoch:22	Loss:10.968	MRR:15.54	Hits@10:39.37	Best:15.54
2024-10-18 13:13:47,761 INFO    : Snapshot:0	Epoch:23	Loss:10.398	MRR:16.32	Hits@10:40.56	Best:16.32
2024-10-18 13:14:15,361 INFO    : Snapshot:0	Epoch:24	Loss:9.855	MRR:17.2	Hits@10:41.95	Best:17.2
2024-10-18 13:14:29,451 INFO    : Snapshot:0	Epoch:25	Loss:9.33	MRR:18.12	Hits@10:43.17	Best:18.12
2024-10-18 13:14:55,784 INFO    : Snapshot:0	Epoch:26	Loss:8.818	MRR:19.02	Hits@10:44.2	Best:19.02
2024-10-18 13:15:12,893 INFO    : Snapshot:0	Epoch:27	Loss:8.334	MRR:19.93	Hits@10:45.09	Best:19.93
2024-10-18 13:15:40,484 INFO    : Snapshot:0	Epoch:28	Loss:7.829	MRR:20.73	Hits@10:45.95	Best:20.73
2024-10-18 13:15:57,987 INFO    : Snapshot:0	Epoch:29	Loss:7.335	MRR:21.67	Hits@10:46.74	Best:21.67
2024-10-18 13:16:17,194 INFO    : Snapshot:0	Epoch:30	Loss:6.92	MRR:22.45	Hits@10:47.61	Best:22.45
2024-10-18 13:16:27,952 INFO    : Snapshot:0	Epoch:31	Loss:6.474	MRR:23.18	Hits@10:48.22	Best:23.18
2024-10-18 13:16:41,813 INFO    : Snapshot:0	Epoch:32	Loss:6.064	MRR:23.81	Hits@10:48.84	Best:23.81
2024-10-18 13:16:54,810 INFO    : Snapshot:0	Epoch:33	Loss:5.65	MRR:24.42	Hits@10:49.49	Best:24.42
2024-10-18 13:17:10,278 INFO    : Snapshot:0	Epoch:34	Loss:5.266	MRR:25.02	Hits@10:49.96	Best:25.02
2024-10-18 13:17:31,449 INFO    : Snapshot:0	Epoch:35	Loss:4.919	MRR:25.51	Hits@10:50.41	Best:25.51
2024-10-18 13:17:53,504 INFO    : Snapshot:0	Epoch:36	Loss:4.563	MRR:25.97	Hits@10:50.99	Best:25.97
2024-10-18 13:18:08,705 INFO    : Snapshot:0	Epoch:37	Loss:4.255	MRR:26.51	Hits@10:51.23	Best:26.51
2024-10-18 13:18:23,416 INFO    : Snapshot:0	Epoch:38	Loss:3.968	MRR:26.99	Hits@10:51.61	Best:26.99
2024-10-18 13:18:34,559 INFO    : Snapshot:0	Epoch:39	Loss:3.674	MRR:27.42	Hits@10:52.03	Best:27.42
2024-10-18 13:18:50,647 INFO    : Snapshot:0	Epoch:40	Loss:3.439	MRR:27.85	Hits@10:52.3	Best:27.85
2024-10-18 13:19:04,555 INFO    : Snapshot:0	Epoch:41	Loss:3.221	MRR:28.24	Hits@10:52.45	Best:28.24
2024-10-18 13:19:28,077 INFO    : Snapshot:0	Epoch:42	Loss:3.002	MRR:28.59	Hits@10:52.68	Best:28.59
2024-10-18 13:19:45,386 INFO    : Snapshot:0	Epoch:43	Loss:2.821	MRR:28.85	Hits@10:53.03	Best:28.85
2024-10-18 13:20:00,522 INFO    : Snapshot:0	Epoch:44	Loss:2.643	MRR:29.11	Hits@10:53.12	Best:29.11
2024-10-18 13:20:23,421 INFO    : Snapshot:0	Epoch:45	Loss:2.481	MRR:29.37	Hits@10:53.13	Best:29.37
2024-10-18 13:20:36,371 INFO    : Snapshot:0	Epoch:46	Loss:2.335	MRR:29.6	Hits@10:53.36	Best:29.6
2024-10-18 13:20:48,736 INFO    : Snapshot:0	Epoch:47	Loss:2.197	MRR:29.92	Hits@10:53.6	Best:29.92
2024-10-18 13:21:01,631 INFO    : Snapshot:0	Epoch:48	Loss:2.07	MRR:30.1	Hits@10:53.75	Best:30.1
2024-10-18 13:21:15,072 INFO    : Snapshot:0	Epoch:49	Loss:1.952	MRR:30.27	Hits@10:53.82	Best:30.27
2024-10-18 13:21:28,771 INFO    : Snapshot:0	Epoch:50	Loss:1.851	MRR:30.41	Hits@10:53.89	Best:30.41
2024-10-18 13:21:40,592 INFO    : Snapshot:0	Epoch:51	Loss:1.747	MRR:30.53	Hits@10:54.03	Best:30.53
2024-10-18 13:21:56,460 INFO    : Snapshot:0	Epoch:52	Loss:1.659	MRR:30.59	Hits@10:54.02	Best:30.59
2024-10-18 13:22:09,350 INFO    : Snapshot:0	Epoch:53	Loss:1.577	MRR:30.73	Hits@10:54.04	Best:30.73
2024-10-18 13:22:25,810 INFO    : Snapshot:0	Epoch:54	Loss:1.491	MRR:30.79	Hits@10:54.13	Best:30.79
2024-10-18 13:22:47,509 INFO    : Snapshot:0	Epoch:55	Loss:1.433	MRR:30.85	Hits@10:54.21	Best:30.85
2024-10-18 13:23:13,175 INFO    : Snapshot:0	Epoch:56	Loss:1.375	MRR:30.93	Hits@10:54.26	Best:30.93
2024-10-18 13:23:30,930 INFO    : Snapshot:0	Epoch:57	Loss:1.307	MRR:31.01	Hits@10:54.37	Best:31.01
2024-10-18 13:23:47,959 INFO    : Snapshot:0	Epoch:58	Loss:1.25	MRR:31.08	Hits@10:54.38	Best:31.08
2024-10-18 13:24:01,793 INFO    : Snapshot:0	Epoch:59	Loss:1.199	MRR:31.13	Hits@10:54.38	Best:31.13
2024-10-18 13:24:14,578 INFO    : Snapshot:0	Epoch:60	Loss:1.155	MRR:31.17	Hits@10:54.44	Best:31.17
2024-10-18 13:24:27,047 INFO    : Snapshot:0	Epoch:61	Loss:1.12	MRR:31.18	Hits@10:54.47	Best:31.18
2024-10-18 13:24:40,652 INFO    : Snapshot:0	Epoch:62	Loss:1.067	MRR:31.19	Hits@10:54.54	Best:31.19
2024-10-18 13:25:05,015 INFO    : Snapshot:0	Epoch:63	Loss:1.031	MRR:31.19	Hits@10:54.63	Best:31.19
2024-10-18 13:25:18,515 INFO    : Snapshot:0	Epoch:64	Loss:0.996	MRR:31.26	Hits@10:54.7	Best:31.26
2024-10-18 13:25:34,796 INFO    : Snapshot:0	Epoch:65	Loss:0.97	MRR:31.28	Hits@10:54.74	Best:31.28
2024-10-18 13:25:56,148 INFO    : Snapshot:0	Epoch:66	Loss:0.939	MRR:31.28	Hits@10:54.67	Best:31.28
2024-10-18 13:26:11,225 INFO    : Snapshot:0	Epoch:67	Loss:0.9	MRR:31.26	Hits@10:54.74	Best:31.28
2024-10-18 13:26:29,048 INFO    : Early Stopping! Snapshot:0 Epoch: 68 Best Results: 31.28
2024-10-18 13:26:29,396 INFO    : => loading checkpoint './checkpoint/ENTITY-TransE-LKGE-Margin/0model_best.tar'
2024-10-18 13:26:32,682 INFO    : 
+------------+--------+--------+--------+--------+---------+
| Snapshot:0 |  MRR   | Hits@1 | Hits@3 | Hits@5 | Hits@10 |
+------------+--------+--------+--------+--------+---------+
|     0      | 0.3128 | 0.1942 | 0.3613 | 0.4382 |  0.5474 |
+------------+--------+--------+--------+--------+---------+
2024-10-18 14:36:04,636 INFO    : 当前模型:Plan_yuan
2024-10-18 14:36:04,657 INFO    : Model Parameter Configuration:
2024-10-18 14:36:04,657 INFO    : Parameter ent_embeddings.weight: torch.Size([2909, 200]), require_grad = True
2024-10-18 14:36:04,658 INFO    : Parameter rel_embeddings.weight: torch.Size([466, 200]), require_grad = True
2024-10-18 14:36:06,040 INFO    : Namespace(snapshot_num=5, dataset='ENTITY', gpu='0', loss_name='Margin', train_new=True, skip_previous='False', lifelong_name='LKGE', optimizer_name='Adam', embedding_model='TransE', epoch_num='100', margin=8.0, batch_size=2048, learning_rate=0.0001, emb_dim=200, l2=0.0, neg_ratio=10, patience=3, regular_weight=0.01, reconstruct_weight=0.1, using_regular_loss='True', using_reconstruct_loss='True', using_embedding_transfer='True', using_finetune='True', save_path='./checkpoint/ENTITY-TransE-LKGE-Margin', data_path='./data/ENTITY/', log_path='./logs/20241018/ENTITY-TransE-LKGE-Margin', num_layer=1, num_workers=1, valid_metrics='mrr', valid=True, note='', seed=55, m_size=1024, PI_GNN='True', rectify_epochs=15, retrain_epochs=60, beta1=0.01, beta2=0.1, rectify_lr=0.0003, retrain_lr=0.0003, rectify_weight_decay=0, retrain_weight_decay=0, Pass_snapshot0='False', Plan_yuan='True', Plan_weight='False', logger=<RootLogger root (INFO)>, device=device(type='cuda', index=0))
2024-10-18 14:36:23,679 INFO    : Snapshot:0	Epoch:0	Loss:22.356	MRR:1.06	Hits@10:1.27	Best:1.06
2024-10-18 14:36:31,513 INFO    : Snapshot:0	Epoch:1	Loss:21.771	MRR:1.25	Hits@10:1.77	Best:1.25
2024-10-18 14:36:38,729 INFO    : Snapshot:0	Epoch:2	Loss:21.206	MRR:1.63	Hits@10:2.78	Best:1.63
2024-10-18 14:36:46,225 INFO    : Snapshot:0	Epoch:3	Loss:20.691	MRR:2.29	Hits@10:4.52	Best:2.29
2024-10-18 14:36:53,925 INFO    : Snapshot:0	Epoch:4	Loss:20.164	MRR:3.09	Hits@10:6.35	Best:3.09
2024-10-18 14:37:01,890 INFO    : Snapshot:0	Epoch:5	Loss:19.654	MRR:3.84	Hits@10:8.02	Best:3.84
2024-10-18 14:37:09,286 INFO    : Snapshot:0	Epoch:6	Loss:19.166	MRR:4.53	Hits@10:9.72	Best:4.53
2024-10-18 14:37:16,947 INFO    : Snapshot:0	Epoch:7	Loss:18.656	MRR:5.22	Hits@10:11.26	Best:5.22
2024-10-18 14:37:24,910 INFO    : Snapshot:0	Epoch:8	Loss:18.182	MRR:5.89	Hits@10:13.12	Best:5.89
2024-10-18 14:37:32,434 INFO    : Snapshot:0	Epoch:9	Loss:17.687	MRR:6.57	Hits@10:15.12	Best:6.57
2024-10-18 14:37:40,131 INFO    : Snapshot:0	Epoch:10	Loss:17.202	MRR:7.29	Hits@10:17.12	Best:7.29
2024-10-18 14:37:48,311 INFO    : Snapshot:0	Epoch:11	Loss:16.726	MRR:8.01	Hits@10:19.19	Best:8.01
2024-10-18 14:37:56,547 INFO    : Snapshot:0	Epoch:12	Loss:16.236	MRR:8.73	Hits@10:21.51	Best:8.73
2024-10-18 14:49:22,530 INFO    : 当前模型:Plan_yuan
2024-10-18 14:49:22,551 INFO    : Model Parameter Configuration:
2024-10-18 14:49:22,551 INFO    : Parameter ent_embeddings.weight: torch.Size([2909, 200]), require_grad = True
2024-10-18 14:49:22,552 INFO    : Parameter rel_embeddings.weight: torch.Size([466, 200]), require_grad = True
2024-10-18 14:49:23,914 INFO    : Namespace(snapshot_num=5, dataset='ENTITY', gpu='0', loss_name='Margin', train_new=True, skip_previous='False', lifelong_name='LKGE', optimizer_name='Adam', embedding_model='TransE', epoch_num='100', margin=8.0, batch_size=2048, learning_rate=0.0001, emb_dim=200, l2=0.0, neg_ratio=10, patience=3, regular_weight=0.01, reconstruct_weight=0.1, using_regular_loss='True', using_reconstruct_loss='True', using_embedding_transfer='True', using_finetune='True', save_path='./checkpoint/ENTITY-TransE-LKGE-Margin', data_path='./data/ENTITY/', log_path='./logs/20241018/ENTITY-TransE-LKGE-Margin', num_layer=1, num_workers=1, valid_metrics='mrr', valid=True, note='', seed=55, m_size=1024, PI_GNN='True', rectify_epochs=15, retrain_epochs=60, beta1=0.01, beta2=0.1, rectify_lr=0.0003, retrain_lr=0.0003, rectify_weight_decay=0, retrain_weight_decay=0, Pass_snapshot0='False', Plan_yuan='True', Plan_weight='False', logger=<RootLogger root (INFO)>, device=device(type='cuda', index=0))
2024-10-18 14:49:40,832 INFO    : Snapshot:0	Epoch:0	Loss:22.356	MRR:1.06	Hits@10:1.27	Best:1.06
2024-10-18 14:49:48,309 INFO    : Snapshot:0	Epoch:1	Loss:21.771	MRR:1.25	Hits@10:1.77	Best:1.25
2024-10-18 14:49:56,835 INFO    : Snapshot:0	Epoch:2	Loss:21.206	MRR:1.63	Hits@10:2.78	Best:1.63
2024-10-18 14:50:04,452 INFO    : Snapshot:0	Epoch:3	Loss:20.691	MRR:2.29	Hits@10:4.52	Best:2.29
2024-10-18 14:50:11,761 INFO    : Snapshot:0	Epoch:4	Loss:20.164	MRR:3.09	Hits@10:6.35	Best:3.09
2024-10-18 14:50:19,164 INFO    : Snapshot:0	Epoch:5	Loss:19.654	MRR:3.84	Hits@10:8.02	Best:3.84
2024-10-18 14:50:26,397 INFO    : Snapshot:0	Epoch:6	Loss:19.166	MRR:4.53	Hits@10:9.72	Best:4.53
2024-10-18 14:50:33,479 INFO    : Snapshot:0	Epoch:7	Loss:18.656	MRR:5.22	Hits@10:11.26	Best:5.22
2024-10-18 14:50:41,192 INFO    : Snapshot:0	Epoch:8	Loss:18.182	MRR:5.89	Hits@10:13.12	Best:5.89
2024-10-18 14:50:48,423 INFO    : Snapshot:0	Epoch:9	Loss:17.687	MRR:6.57	Hits@10:15.12	Best:6.57
2024-10-18 14:50:55,688 INFO    : Snapshot:0	Epoch:10	Loss:17.202	MRR:7.29	Hits@10:17.12	Best:7.29
2024-10-18 14:51:02,997 INFO    : Snapshot:0	Epoch:11	Loss:16.726	MRR:8.01	Hits@10:19.19	Best:8.01
2024-10-18 14:51:10,032 INFO    : Snapshot:0	Epoch:12	Loss:16.236	MRR:8.73	Hits@10:21.51	Best:8.73
2024-10-18 14:51:17,395 INFO    : Snapshot:0	Epoch:13	Loss:15.755	MRR:9.46	Hits@10:23.7	Best:9.46
2024-10-18 14:51:24,969 INFO    : Snapshot:0	Epoch:14	Loss:15.265	MRR:10.18	Hits@10:25.61	Best:10.18
2024-10-18 14:51:32,272 INFO    : Snapshot:0	Epoch:15	Loss:14.751	MRR:10.85	Hits@10:27.52	Best:10.85
2024-10-18 14:51:39,563 INFO    : Snapshot:0	Epoch:16	Loss:14.241	MRR:11.5	Hits@10:29.59	Best:11.5
2024-10-18 14:51:46,870 INFO    : Snapshot:0	Epoch:17	Loss:13.71	MRR:12.13	Hits@10:31.38	Best:12.13
2024-10-18 14:51:53,872 INFO    : Snapshot:0	Epoch:18	Loss:13.183	MRR:12.74	Hits@10:33.09	Best:12.74
2024-10-18 14:52:01,141 INFO    : Snapshot:0	Epoch:19	Loss:12.641	MRR:13.33	Hits@10:34.73	Best:13.33
2024-10-18 14:52:08,701 INFO    : Snapshot:0	Epoch:20	Loss:12.092	MRR:14.04	Hits@10:36.3	Best:14.04
2024-10-18 14:52:15,937 INFO    : Snapshot:0	Epoch:21	Loss:11.52	MRR:14.74	Hits@10:37.89	Best:14.74
2024-10-18 14:52:23,097 INFO    : Snapshot:0	Epoch:22	Loss:10.968	MRR:15.54	Hits@10:39.37	Best:15.54
2024-10-18 14:52:30,331 INFO    : Snapshot:0	Epoch:23	Loss:10.398	MRR:16.32	Hits@10:40.56	Best:16.32
2024-10-18 14:52:37,530 INFO    : Snapshot:0	Epoch:24	Loss:9.855	MRR:17.2	Hits@10:41.95	Best:17.2
2024-10-18 14:52:45,238 INFO    : Snapshot:0	Epoch:25	Loss:9.33	MRR:18.12	Hits@10:43.17	Best:18.12
2024-10-18 14:52:53,787 INFO    : Snapshot:0	Epoch:26	Loss:8.818	MRR:19.02	Hits@10:44.2	Best:19.02
2024-10-18 14:53:01,156 INFO    : Snapshot:0	Epoch:27	Loss:8.334	MRR:19.93	Hits@10:45.09	Best:19.93
2024-10-18 14:53:08,599 INFO    : Snapshot:0	Epoch:28	Loss:7.829	MRR:20.73	Hits@10:45.95	Best:20.73
2024-10-18 14:53:15,816 INFO    : Snapshot:0	Epoch:29	Loss:7.335	MRR:21.67	Hits@10:46.74	Best:21.67
2024-10-18 14:53:23,045 INFO    : Snapshot:0	Epoch:30	Loss:6.92	MRR:22.45	Hits@10:47.61	Best:22.45
2024-10-18 14:53:30,170 INFO    : Snapshot:0	Epoch:31	Loss:6.474	MRR:23.18	Hits@10:48.22	Best:23.18
2024-10-18 14:53:37,753 INFO    : Snapshot:0	Epoch:32	Loss:6.064	MRR:23.81	Hits@10:48.84	Best:23.81
2024-10-18 14:53:45,403 INFO    : Snapshot:0	Epoch:33	Loss:5.65	MRR:24.42	Hits@10:49.49	Best:24.42
2024-10-18 14:53:52,586 INFO    : Snapshot:0	Epoch:34	Loss:5.266	MRR:25.02	Hits@10:49.96	Best:25.02
2024-10-18 14:53:59,753 INFO    : Snapshot:0	Epoch:35	Loss:4.919	MRR:25.51	Hits@10:50.41	Best:25.51
2024-10-18 14:54:06,892 INFO    : Snapshot:0	Epoch:36	Loss:4.563	MRR:25.97	Hits@10:50.99	Best:25.97
2024-10-18 14:54:14,700 INFO    : Snapshot:0	Epoch:37	Loss:4.255	MRR:26.51	Hits@10:51.23	Best:26.51
2024-10-18 14:54:22,535 INFO    : Snapshot:0	Epoch:38	Loss:3.968	MRR:26.99	Hits@10:51.61	Best:26.99
2024-10-18 14:54:30,500 INFO    : Snapshot:0	Epoch:39	Loss:3.674	MRR:27.42	Hits@10:52.03	Best:27.42
2024-10-18 14:54:37,822 INFO    : Snapshot:0	Epoch:40	Loss:3.439	MRR:27.85	Hits@10:52.3	Best:27.85
2024-10-18 14:54:45,120 INFO    : Snapshot:0	Epoch:41	Loss:3.221	MRR:28.24	Hits@10:52.45	Best:28.24
2024-10-18 14:54:52,545 INFO    : Snapshot:0	Epoch:42	Loss:3.002	MRR:28.59	Hits@10:52.68	Best:28.59
2024-10-18 14:54:59,788 INFO    : Snapshot:0	Epoch:43	Loss:2.821	MRR:28.85	Hits@10:53.03	Best:28.85
2024-10-18 14:55:06,945 INFO    : Snapshot:0	Epoch:44	Loss:2.643	MRR:29.11	Hits@10:53.12	Best:29.11
2024-10-18 14:55:14,655 INFO    : Snapshot:0	Epoch:45	Loss:2.481	MRR:29.37	Hits@10:53.13	Best:29.37
2024-10-18 14:55:21,890 INFO    : Snapshot:0	Epoch:46	Loss:2.335	MRR:29.6	Hits@10:53.36	Best:29.6
2024-10-18 14:55:29,115 INFO    : Snapshot:0	Epoch:47	Loss:2.197	MRR:29.92	Hits@10:53.6	Best:29.92
2024-10-18 14:55:36,376 INFO    : Snapshot:0	Epoch:48	Loss:2.07	MRR:30.1	Hits@10:53.75	Best:30.1
2024-10-18 14:55:43,630 INFO    : Snapshot:0	Epoch:49	Loss:1.952	MRR:30.27	Hits@10:53.82	Best:30.27
2024-10-18 14:55:50,987 INFO    : Snapshot:0	Epoch:50	Loss:1.851	MRR:30.41	Hits@10:53.89	Best:30.41
2024-10-18 14:55:58,584 INFO    : Snapshot:0	Epoch:51	Loss:1.747	MRR:30.53	Hits@10:54.03	Best:30.53
2024-10-18 14:56:05,815 INFO    : Snapshot:0	Epoch:52	Loss:1.659	MRR:30.59	Hits@10:54.02	Best:30.59
2024-10-18 14:56:13,070 INFO    : Snapshot:0	Epoch:53	Loss:1.577	MRR:30.73	Hits@10:54.04	Best:30.73
2024-10-18 14:56:20,342 INFO    : Snapshot:0	Epoch:54	Loss:1.491	MRR:30.79	Hits@10:54.13	Best:30.79
2024-10-18 14:56:27,507 INFO    : Snapshot:0	Epoch:55	Loss:1.433	MRR:30.85	Hits@10:54.21	Best:30.85
2024-10-18 14:56:34,761 INFO    : Snapshot:0	Epoch:56	Loss:1.375	MRR:30.93	Hits@10:54.26	Best:30.93
2024-10-18 14:56:42,346 INFO    : Snapshot:0	Epoch:57	Loss:1.307	MRR:31.01	Hits@10:54.37	Best:31.01
2024-10-18 14:56:49,628 INFO    : Snapshot:0	Epoch:58	Loss:1.25	MRR:31.08	Hits@10:54.38	Best:31.08
2024-10-18 14:56:56,841 INFO    : Snapshot:0	Epoch:59	Loss:1.199	MRR:31.13	Hits@10:54.38	Best:31.13
2024-10-18 14:57:04,018 INFO    : Snapshot:0	Epoch:60	Loss:1.155	MRR:31.17	Hits@10:54.44	Best:31.17
2024-10-18 14:57:11,491 INFO    : Snapshot:0	Epoch:61	Loss:1.12	MRR:31.18	Hits@10:54.47	Best:31.18
2024-10-18 14:57:18,708 INFO    : Snapshot:0	Epoch:62	Loss:1.067	MRR:31.19	Hits@10:54.54	Best:31.19
2024-10-18 14:57:26,259 INFO    : Snapshot:0	Epoch:63	Loss:1.031	MRR:31.19	Hits@10:54.63	Best:31.19
2024-10-18 14:57:33,922 INFO    : Snapshot:0	Epoch:64	Loss:0.996	MRR:31.26	Hits@10:54.7	Best:31.26
2024-10-18 14:57:40,984 INFO    : Snapshot:0	Epoch:65	Loss:0.97	MRR:31.28	Hits@10:54.74	Best:31.28
2024-10-18 14:57:48,270 INFO    : Snapshot:0	Epoch:66	Loss:0.939	MRR:31.28	Hits@10:54.67	Best:31.28
2024-10-18 14:57:55,520 INFO    : Snapshot:0	Epoch:67	Loss:0.9	MRR:31.26	Hits@10:54.74	Best:31.28
2024-10-18 14:58:02,695 INFO    : Early Stopping! Snapshot:0 Epoch: 68 Best Results: 31.28
2024-10-18 14:58:02,999 INFO    : => loading checkpoint './checkpoint/ENTITY-TransE-LKGE-Margin/0model_best.tar'
2024-10-18 14:58:05,417 INFO    : 
+------------+--------+--------+--------+--------+---------+
| Snapshot:0 |  MRR   | Hits@1 | Hits@3 | Hits@5 | Hits@10 |
+------------+--------+--------+--------+--------+---------+
|     0      | 0.3128 | 0.1942 | 0.3613 | 0.4382 |  0.5474 |
+------------+--------+--------+--------+--------+---------+
2024-10-18 14:58:09,302 INFO    : Model Parameter Configuration:
2024-10-18 14:58:09,302 INFO    : Parameter ent_embeddings.weight: torch.Size([5817, 200]), require_grad = True
2024-10-18 14:58:09,302 INFO    : Parameter rel_embeddings.weight: torch.Size([472, 200]), require_grad = True
2024-10-18 14:58:47,214 INFO    : Snapshot:1	Epoch:0	Loss:0.562	
2024-10-18 14:58:54,124 INFO    : Snapshot:1	Epoch:1	Loss:0.424	
2024-10-18 14:59:00,931 INFO    : Snapshot:1	Epoch:2	Loss:0.331	
2024-10-18 14:59:07,625 INFO    : Snapshot:1	Epoch:3	Loss:0.272	
2024-10-18 14:59:15,048 INFO    : Snapshot:1	Epoch:4	Loss:0.24	
2024-10-18 14:59:21,816 INFO    : Snapshot:1	Epoch:5	Loss:0.21	
2024-10-18 14:59:28,631 INFO    : Snapshot:1	Epoch:6	Loss:0.19	
2024-10-18 14:59:35,658 INFO    : Snapshot:1	Epoch:7	Loss:0.175	
2024-10-18 14:59:42,413 INFO    : Snapshot:1	Epoch:8	Loss:0.163	
2024-10-18 14:59:49,689 INFO    : Snapshot:1	Epoch:9	Loss:0.149	
2024-10-18 14:59:56,466 INFO    : Snapshot:1	Epoch:10	Loss:0.144	
2024-10-18 15:00:03,314 INFO    : Snapshot:1	Epoch:11	Loss:0.136	
2024-10-18 15:00:10,256 INFO    : Snapshot:1	Epoch:12	Loss:0.129	
2024-10-18 15:00:17,178 INFO    : Snapshot:1	Epoch:13	Loss:0.121	
2024-10-18 15:00:24,537 INFO    : Snapshot:1	Epoch:14	Loss:0.117	
2024-10-18 15:14:54,808 INFO    : 当前模型:Plan_yuan
2024-10-18 15:14:54,830 INFO    : Model Parameter Configuration:
2024-10-18 15:14:54,830 INFO    : Parameter ent_embeddings.weight: torch.Size([2909, 200]), require_grad = True
2024-10-18 15:14:54,831 INFO    : Parameter rel_embeddings.weight: torch.Size([466, 200]), require_grad = True
2024-10-18 15:14:56,314 INFO    : Namespace(snapshot_num=5, dataset='ENTITY', gpu='0', loss_name='Margin', train_new=True, skip_previous='False', lifelong_name='LKGE', optimizer_name='Adam', embedding_model='TransE', epoch_num='100', margin=8.0, batch_size=2048, learning_rate=0.0001, emb_dim=200, l2=0.0, neg_ratio=10, patience=3, regular_weight=0.01, reconstruct_weight=0.1, using_regular_loss='True', using_reconstruct_loss='True', using_embedding_transfer='True', using_finetune='True', save_path='./checkpoint/ENTITY-TransE-LKGE-Margin', data_path='./data/ENTITY/', log_path='./logs/20241018/ENTITY-TransE-LKGE-Margin', num_layer=1, num_workers=1, valid_metrics='mrr', valid=True, note='', seed=55, m_size=1024, PI_GNN='False', rectify_epochs=15, retrain_epochs=60, beta1=0.01, beta2=0.1, rectify_lr=0.0003, retrain_lr=0.0003, rectify_weight_decay=0, retrain_weight_decay=0, Pass_snapshot0='False', Plan_yuan='True', Plan_weight='False', logger=<RootLogger root (INFO)>, device=device(type='cuda', index=0))
2024-10-18 15:16:09,293 INFO    : 当前模型:Plan_weight
2024-10-18 15:16:09,310 INFO    : Model Parameter Configuration:
2024-10-18 15:16:09,310 INFO    : Parameter ent_embeddings: torch.Size([2909, 200]), require_grad = True
2024-10-18 15:16:09,311 INFO    : Parameter rel_embeddings: torch.Size([466, 200]), require_grad = True
2024-10-18 15:16:09,312 INFO    : Parameter linear_w: torch.Size([2909, 1]), require_grad = True
2024-10-18 15:16:10,389 INFO    : Namespace(snapshot_num=5, dataset='ENTITY', gpu='0', loss_name='Margin', train_new=True, skip_previous='False', lifelong_name='LKGE', optimizer_name='Adam', embedding_model='TransE', epoch_num='100', margin=8.0, batch_size=2048, learning_rate=0.0001, emb_dim=200, l2=0.0, neg_ratio=10, patience=3, regular_weight=0.01, reconstruct_weight=0.1, using_regular_loss='True', using_reconstruct_loss='True', using_embedding_transfer='True', using_finetune='True', save_path='./checkpoint/ENTITY-TransE-LKGE-Margin', data_path='./data/ENTITY/', log_path='./logs/20241018/ENTITY-TransE-LKGE-Margin', num_layer=1, num_workers=1, valid_metrics='mrr', valid=True, note='', seed=55, m_size=1024, PI_GNN='True', rectify_epochs=15, retrain_epochs=60, beta1=0.01, beta2=0.1, rectify_lr=0.0003, retrain_lr=0.0003, rectify_weight_decay=0, retrain_weight_decay=0, Pass_snapshot0='False', Plan_yuan='False', Plan_weight='True', logger=<RootLogger root (INFO)>, device=device(type='cuda', index=0))
2024-10-18 15:20:06,441 INFO    : 当前模型:Plan_weight
2024-10-18 15:20:06,456 INFO    : Model Parameter Configuration:
2024-10-18 15:20:06,456 INFO    : Parameter ent_embeddings: torch.Size([2909, 200]), require_grad = True
2024-10-18 15:20:06,457 INFO    : Parameter rel_embeddings: torch.Size([466, 200]), require_grad = True
2024-10-18 15:20:06,458 INFO    : Parameter linear_w: torch.Size([2909, 1]), require_grad = True
2024-10-18 15:20:07,525 INFO    : Namespace(snapshot_num=5, dataset='ENTITY', gpu='0', loss_name='Margin', train_new=True, skip_previous='False', lifelong_name='LKGE', optimizer_name='Adam', embedding_model='TransE', epoch_num='100', margin=8.0, batch_size=2048, learning_rate=0.0001, emb_dim=200, l2=0.0, neg_ratio=10, patience=3, regular_weight=0.01, reconstruct_weight=0.1, using_regular_loss='True', using_reconstruct_loss='True', using_embedding_transfer='True', using_finetune='True', save_path='./checkpoint/ENTITY-TransE-LKGE-Margin', data_path='./data/ENTITY/', log_path='./logs/20241018/ENTITY-TransE-LKGE-Margin', num_layer=1, num_workers=1, valid_metrics='mrr', valid=True, note='', seed=55, m_size=1024, PI_GNN='True', rectify_epochs=15, retrain_epochs=60, beta1=0.01, beta2=0.1, rectify_lr=0.0003, retrain_lr=0.0003, rectify_weight_decay=0, retrain_weight_decay=0, Pass_snapshot0='False', Plan_yuan='False', Plan_weight='True', logger=<RootLogger root (INFO)>, device=device(type='cuda', index=0))
2024-10-18 15:20:25,471 INFO    : Snapshot:0	Epoch:0	Loss:21.973	MRR:0.94	Hits@10:1.08	Best:0.94
2024-10-18 15:20:33,448 INFO    : Snapshot:0	Epoch:1	Loss:21.458	MRR:1.1	Hits@10:1.48	Best:1.1
2024-10-18 15:20:40,633 INFO    : Snapshot:0	Epoch:2	Loss:20.971	MRR:1.48	Hits@10:2.55	Best:1.48
2024-10-18 15:20:48,460 INFO    : Snapshot:0	Epoch:3	Loss:20.519	MRR:2.09	Hits@10:4.14	Best:2.09
2024-10-18 15:20:56,372 INFO    : Snapshot:0	Epoch:4	Loss:20.077	MRR:2.82	Hits@10:5.79	Best:2.82
2024-10-18 15:21:04,600 INFO    : Snapshot:0	Epoch:5	Loss:19.641	MRR:3.49	Hits@10:7.27	Best:3.49
2024-10-18 15:21:11,981 INFO    : Snapshot:0	Epoch:6	Loss:19.213	MRR:4.11	Hits@10:8.87	Best:4.11
2024-10-18 15:21:20,523 INFO    : Snapshot:0	Epoch:7	Loss:18.774	MRR:4.78	Hits@10:10.56	Best:4.78
2024-10-18 15:21:28,238 INFO    : Snapshot:0	Epoch:8	Loss:18.366	MRR:5.44	Hits@10:12.17	Best:5.44
2024-10-18 15:21:36,414 INFO    : Snapshot:0	Epoch:9	Loss:17.931	MRR:6.08	Hits@10:13.83	Best:6.08
2024-10-18 15:21:43,843 INFO    : Snapshot:0	Epoch:10	Loss:17.492	MRR:6.71	Hits@10:15.41	Best:6.71
2024-10-18 15:21:52,329 INFO    : Snapshot:0	Epoch:11	Loss:17.061	MRR:7.36	Hits@10:17.34	Best:7.36
2024-10-18 15:21:59,929 INFO    : Snapshot:0	Epoch:12	Loss:16.636	MRR:8.05	Hits@10:19.2	Best:8.05
2024-10-18 15:22:07,958 INFO    : Snapshot:0	Epoch:13	Loss:16.214	MRR:8.78	Hits@10:20.89	Best:8.78
2024-10-18 15:22:15,227 INFO    : Snapshot:0	Epoch:14	Loss:15.776	MRR:9.49	Hits@10:22.83	Best:9.49
2024-10-18 15:22:22,723 INFO    : Snapshot:0	Epoch:15	Loss:15.321	MRR:10.19	Hits@10:25.01	Best:10.19
2024-10-18 15:22:30,835 INFO    : Snapshot:0	Epoch:16	Loss:14.874	MRR:10.9	Hits@10:27.09	Best:10.9
2024-10-18 15:22:38,344 INFO    : Snapshot:0	Epoch:17	Loss:14.411	MRR:11.59	Hits@10:28.97	Best:11.59
2024-10-18 15:22:46,107 INFO    : Snapshot:0	Epoch:18	Loss:13.958	MRR:12.25	Hits@10:30.9	Best:12.25
2024-10-18 15:22:53,564 INFO    : Snapshot:0	Epoch:19	Loss:13.48	MRR:12.91	Hits@10:32.76	Best:12.91
2024-10-18 15:23:01,145 INFO    : Snapshot:0	Epoch:20	Loss:12.97	MRR:13.55	Hits@10:34.47	Best:13.55
2024-10-18 15:23:08,804 INFO    : Snapshot:0	Epoch:21	Loss:12.448	MRR:14.25	Hits@10:35.97	Best:14.25
2024-10-18 15:23:16,766 INFO    : Snapshot:0	Epoch:22	Loss:11.96	MRR:15.03	Hits@10:37.62	Best:15.03
2024-10-18 15:23:25,123 INFO    : Snapshot:0	Epoch:23	Loss:11.402	MRR:15.89	Hits@10:39.17	Best:15.89
2024-10-18 15:23:32,692 INFO    : Snapshot:0	Epoch:24	Loss:10.877	MRR:16.82	Hits@10:40.41	Best:16.82
2024-10-18 15:23:40,486 INFO    : Snapshot:0	Epoch:25	Loss:10.339	MRR:17.9	Hits@10:41.81	Best:17.9
2024-10-18 15:23:47,894 INFO    : Snapshot:0	Epoch:26	Loss:9.824	MRR:18.94	Hits@10:43.05	Best:18.94
2024-10-18 15:23:55,263 INFO    : Snapshot:0	Epoch:27	Loss:9.34	MRR:20.06	Hits@10:44.2	Best:20.06
2024-10-18 15:24:03,591 INFO    : Snapshot:0	Epoch:28	Loss:8.832	MRR:21.12	Hits@10:45.28	Best:21.12
2024-10-18 15:24:11,559 INFO    : Snapshot:0	Epoch:29	Loss:8.326	MRR:22.14	Hits@10:46.21	Best:22.14
2024-10-18 15:24:19,279 INFO    : Snapshot:0	Epoch:30	Loss:7.915	MRR:23.09	Hits@10:47.07	Best:23.09
2024-10-18 15:24:26,923 INFO    : Snapshot:0	Epoch:31	Loss:7.467	MRR:24.01	Hits@10:47.94	Best:24.01
2024-10-18 15:24:34,486 INFO    : Snapshot:0	Epoch:32	Loss:7.065	MRR:24.81	Hits@10:48.91	Best:24.81
2024-10-18 15:24:41,752 INFO    : Snapshot:0	Epoch:33	Loss:6.642	MRR:25.56	Hits@10:49.66	Best:25.56
2024-10-18 15:24:49,163 INFO    : Snapshot:0	Epoch:34	Loss:6.237	MRR:26.37	Hits@10:50.36	Best:26.37
2024-10-18 15:24:56,730 INFO    : Snapshot:0	Epoch:35	Loss:5.885	MRR:27.02	Hits@10:50.74	Best:27.02
2024-10-18 15:25:04,101 INFO    : Snapshot:0	Epoch:36	Loss:5.515	MRR:27.59	Hits@10:51.26	Best:27.59
2024-10-18 15:25:11,332 INFO    : Snapshot:0	Epoch:37	Loss:5.18	MRR:28.07	Hits@10:51.75	Best:28.07
2024-10-18 15:25:18,644 INFO    : Snapshot:0	Epoch:38	Loss:4.868	MRR:28.59	Hits@10:52.19	Best:28.59
2024-10-18 15:25:25,993 INFO    : Snapshot:0	Epoch:39	Loss:4.536	MRR:29.1	Hits@10:52.73	Best:29.1
2024-10-18 15:25:33,256 INFO    : Snapshot:0	Epoch:40	Loss:4.268	MRR:29.53	Hits@10:53.02	Best:29.53
2024-10-18 15:25:40,645 INFO    : Snapshot:0	Epoch:41	Loss:4.018	MRR:29.89	Hits@10:53.34	Best:29.89
2024-10-18 15:25:48,320 INFO    : Snapshot:0	Epoch:42	Loss:3.763	MRR:30.25	Hits@10:53.68	Best:30.25
2024-10-18 15:25:55,816 INFO    : Snapshot:0	Epoch:43	Loss:3.531	MRR:30.54	Hits@10:53.95	Best:30.54
2024-10-18 15:26:03,031 INFO    : Snapshot:0	Epoch:44	Loss:3.32	MRR:30.84	Hits@10:54.28	Best:30.84
2024-10-18 15:26:10,315 INFO    : Snapshot:0	Epoch:45	Loss:3.119	MRR:31.16	Hits@10:54.55	Best:31.16
2024-10-18 15:26:17,661 INFO    : Snapshot:0	Epoch:46	Loss:2.938	MRR:31.37	Hits@10:54.74	Best:31.37
2024-10-18 15:26:25,047 INFO    : Snapshot:0	Epoch:47	Loss:2.764	MRR:31.68	Hits@10:55.12	Best:31.68
2024-10-18 15:26:32,663 INFO    : Snapshot:0	Epoch:48	Loss:2.604	MRR:31.88	Hits@10:55.31	Best:31.88
2024-10-18 15:26:39,876 INFO    : Snapshot:0	Epoch:49	Loss:2.449	MRR:32.1	Hits@10:55.46	Best:32.1
2024-10-18 15:26:47,166 INFO    : Snapshot:0	Epoch:50	Loss:2.318	MRR:32.26	Hits@10:55.6	Best:32.26
2024-10-18 15:26:54,540 INFO    : Snapshot:0	Epoch:51	Loss:2.184	MRR:32.5	Hits@10:55.81	Best:32.5
2024-10-18 15:27:01,693 INFO    : Snapshot:0	Epoch:52	Loss:2.075	MRR:32.69	Hits@10:56.08	Best:32.69
2024-10-18 15:27:09,078 INFO    : Snapshot:0	Epoch:53	Loss:1.961	MRR:32.82	Hits@10:56.11	Best:32.82
2024-10-18 15:27:16,491 INFO    : Snapshot:0	Epoch:54	Loss:1.848	MRR:32.9	Hits@10:56.12	Best:32.9
2024-10-18 15:27:24,174 INFO    : Snapshot:0	Epoch:55	Loss:1.77	MRR:33.05	Hits@10:56.15	Best:33.05
2024-10-18 15:27:31,529 INFO    : Snapshot:0	Epoch:56	Loss:1.687	MRR:33.21	Hits@10:56.29	Best:33.21
2024-10-18 15:27:38,696 INFO    : Snapshot:0	Epoch:57	Loss:1.6	MRR:33.3	Hits@10:56.38	Best:33.3
2024-10-18 15:27:46,143 INFO    : Snapshot:0	Epoch:58	Loss:1.525	MRR:33.38	Hits@10:56.45	Best:33.38
2024-10-18 15:27:53,332 INFO    : Snapshot:0	Epoch:59	Loss:1.454	MRR:33.47	Hits@10:56.56	Best:33.47
2024-10-18 15:28:00,864 INFO    : Snapshot:0	Epoch:60	Loss:1.391	MRR:33.47	Hits@10:56.54	Best:33.47
2024-10-18 15:28:08,297 INFO    : Snapshot:0	Epoch:61	Loss:1.334	MRR:33.51	Hits@10:56.59	Best:33.51
2024-10-18 15:28:15,910 INFO    : Snapshot:0	Epoch:62	Loss:1.273	MRR:33.57	Hits@10:56.71	Best:33.57
2024-10-18 15:28:23,245 INFO    : Snapshot:0	Epoch:63	Loss:1.215	MRR:33.68	Hits@10:56.75	Best:33.68
2024-10-18 15:28:30,428 INFO    : Snapshot:0	Epoch:64	Loss:1.165	MRR:33.72	Hits@10:56.84	Best:33.72
2024-10-18 15:28:37,855 INFO    : Snapshot:0	Epoch:65	Loss:1.133	MRR:33.79	Hits@10:57.04	Best:33.79
2024-10-18 15:28:45,110 INFO    : Snapshot:0	Epoch:66	Loss:1.086	MRR:33.84	Hits@10:56.85	Best:33.84
2024-10-18 15:28:52,504 INFO    : Snapshot:0	Epoch:67	Loss:1.033	MRR:33.85	Hits@10:56.91	Best:33.85
2024-10-18 15:29:00,284 INFO    : Snapshot:0	Epoch:68	Loss:1.005	MRR:33.85	Hits@10:56.94	Best:33.85
2024-10-18 15:29:07,543 INFO    : Snapshot:0	Epoch:69	Loss:0.96	MRR:33.84	Hits@10:57.01	Best:33.85
2024-10-18 15:29:15,108 INFO    : Snapshot:0	Epoch:70	Loss:0.928	MRR:33.86	Hits@10:57.0	Best:33.86
2024-10-18 15:29:22,357 INFO    : Snapshot:0	Epoch:71	Loss:0.904	MRR:33.9	Hits@10:57.03	Best:33.9
2024-10-18 15:29:29,743 INFO    : Snapshot:0	Epoch:72	Loss:0.862	MRR:33.88	Hits@10:57.02	Best:33.9
2024-10-18 15:29:36,988 INFO    : Snapshot:0	Epoch:73	Loss:0.843	MRR:33.93	Hits@10:57.02	Best:33.93
2024-10-18 15:29:44,710 INFO    : Snapshot:0	Epoch:74	Loss:0.823	MRR:33.98	Hits@10:57.12	Best:33.98
2024-10-18 15:29:51,863 INFO    : Snapshot:0	Epoch:75	Loss:0.788	MRR:33.96	Hits@10:57.14	Best:33.98
2024-10-18 15:29:59,222 INFO    : Snapshot:0	Epoch:76	Loss:0.772	MRR:33.96	Hits@10:57.1	Best:33.98
2024-10-18 15:30:06,358 INFO    : Early Stopping! Snapshot:0 Epoch: 77 Best Results: 33.98
2024-10-18 15:30:08,813 INFO    : 
+------------+--------+--------+--------+--------+---------+
| Snapshot:0 |  MRR   | Hits@1 | Hits@3 | Hits@5 | Hits@10 |
+------------+--------+--------+--------+--------+---------+
|     0      | 0.3441 | 0.2219 | 0.4007 | 0.476  |  0.5752 |
+------------+--------+--------+--------+--------+---------+
2024-10-18 15:30:08,814 INFO    : Plan_weight的transfer策略还没确定，目前Plan_weight还没有transfer
2024-10-18 15:33:24,055 INFO    : 当前模型:Plan_weight
2024-10-18 15:33:24,070 INFO    : Model Parameter Configuration:
2024-10-18 15:33:24,070 INFO    : Parameter ent_embeddings: torch.Size([2909, 200]), require_grad = True
2024-10-18 15:33:24,071 INFO    : Parameter rel_embeddings: torch.Size([466, 200]), require_grad = True
2024-10-18 15:33:24,071 INFO    : Parameter linear_w: torch.Size([2909, 1]), require_grad = True
2024-10-18 15:33:25,149 INFO    : Namespace(snapshot_num=5, dataset='ENTITY', gpu='0', loss_name='Margin', train_new=True, skip_previous='False', lifelong_name='LKGE', optimizer_name='Adam', embedding_model='TransE', epoch_num='100', margin=8.0, batch_size=2048, learning_rate=0.0001, emb_dim=200, l2=0.0, neg_ratio=10, patience=3, regular_weight=0.01, reconstruct_weight=0.1, using_regular_loss='True', using_reconstruct_loss='True', using_embedding_transfer='True', using_finetune='True', save_path='./checkpoint/ENTITY-TransE-LKGE-Margin', data_path='./data/ENTITY/', log_path='./logs/20241018/ENTITY-TransE-LKGE-Margin', num_layer=1, num_workers=1, valid_metrics='mrr', valid=True, note='', seed=55, m_size=1024, PI_GNN='True', rectify_epochs=15, retrain_epochs=60, beta1=0.01, beta2=0.1, rectify_lr=0.0003, retrain_lr=0.0003, rectify_weight_decay=0, retrain_weight_decay=0, Pass_snapshot0='True', Plan_yuan='False', Plan_weight='True', logger=<RootLogger root (INFO)>, device=device(type='cuda', index=0))
2024-10-18 15:33:25,150 INFO    : => loading checkpoint './checkpoint/ENTITY-TransE-LKGE-Margin/0model_best.tar'
2024-10-18 15:33:27,850 INFO    : 
+------------+--------+--------+--------+--------+---------+
| Snapshot:0 |  MRR   | Hits@1 | Hits@3 | Hits@5 | Hits@10 |
+------------+--------+--------+--------+--------+---------+
|     0      | 0.3436 | 0.2213 | 0.4006 | 0.4751 |  0.5745 |
+------------+--------+--------+--------+--------+---------+
2024-10-18 15:33:27,852 INFO    : Plan_weight的transfer策略还没确定，目前Plan_weight还没有transfer
2024-10-18 15:33:27,857 INFO    : Model Parameter Configuration:
2024-10-18 15:33:27,857 INFO    : Parameter ent_embeddings: torch.Size([2909, 200]), require_grad = True
2024-10-18 15:33:27,857 INFO    : Parameter rel_embeddings: torch.Size([472, 200]), require_grad = True
2024-10-18 15:33:27,857 INFO    : Parameter linear_w: torch.Size([2909, 1]), require_grad = True
2024-10-18 15:34:05,348 INFO    : Snapshot:1	Epoch:0	Loss:0.428	
2024-10-18 15:34:11,925 INFO    : Snapshot:1	Epoch:1	Loss:0.371	
2024-10-18 15:34:19,170 INFO    : Snapshot:1	Epoch:2	Loss:0.327	
2024-10-18 15:34:25,815 INFO    : Snapshot:1	Epoch:3	Loss:0.298	
2024-10-18 15:34:32,461 INFO    : Snapshot:1	Epoch:4	Loss:0.264	
2024-10-18 15:34:39,178 INFO    : Snapshot:1	Epoch:5	Loss:0.246	
2024-10-18 15:34:45,748 INFO    : Snapshot:1	Epoch:6	Loss:0.227	
2024-10-18 15:34:53,108 INFO    : Snapshot:1	Epoch:7	Loss:0.21	
2024-10-18 15:34:59,776 INFO    : Snapshot:1	Epoch:8	Loss:0.198	
2024-10-18 15:35:07,404 INFO    : Snapshot:1	Epoch:9	Loss:0.185	
2024-10-18 15:35:14,361 INFO    : Snapshot:1	Epoch:10	Loss:0.173	
2024-10-18 15:35:21,031 INFO    : Snapshot:1	Epoch:11	Loss:0.159	
2024-10-18 15:35:27,801 INFO    : Snapshot:1	Epoch:12	Loss:0.153	
2024-10-18 15:35:35,012 INFO    : Snapshot:1	Epoch:13	Loss:0.145	
2024-10-18 15:35:41,767 INFO    : Snapshot:1	Epoch:14	Loss:0.139	
2024-10-18 15:35:41,768 INFO    : Plan_weight 产生新权重
2024-10-18 15:35:41,769 INFO    : Model Parameter Configuration:
2024-10-18 15:35:41,769 INFO    : Parameter ent_embeddings: torch.Size([2909, 200]), require_grad = False
2024-10-18 15:35:41,769 INFO    : Parameter rel_embeddings: torch.Size([472, 200]), require_grad = True
2024-10-18 15:35:41,769 INFO    : Parameter linear_w: torch.Size([2909, 1]), require_grad = False
2024-10-18 15:35:41,769 INFO    : Parameter expand_ent_embeddings: torch.Size([5817, 200]), require_grad = True
2024-10-18 15:35:41,770 INFO    : Parameter expand_linear_w: torch.Size([5817, 1]), require_grad = True
2024-10-18 15:36:29,308 INFO    : Snapshot:1	Epoch:0	Loss:5.944	MRR:6.02	Hits@10:14.92	
2024-10-18 15:36:39,925 INFO    : Snapshot:1	Epoch:1	Loss:5.414	MRR:7.01	Hits@10:17.0	
2024-10-18 15:36:50,776 INFO    : Snapshot:1	Epoch:2	Loss:4.898	MRR:8.5	Hits@10:18.86	
2024-10-18 15:37:02,388 INFO    : Snapshot:1	Epoch:3	Loss:4.391	MRR:10.26	Hits@10:20.67	
2024-10-18 15:37:14,080 INFO    : Snapshot:1	Epoch:4	Loss:3.824	MRR:11.83	Hits@10:22.51	
2024-10-18 15:37:25,125 INFO    : Snapshot:1	Epoch:5	Loss:3.301	MRR:13.19	Hits@10:24.32	
2024-10-18 15:37:35,704 INFO    : Snapshot:1	Epoch:6	Loss:2.862	MRR:14.54	Hits@10:26.16	
2024-10-18 15:37:46,505 INFO    : Snapshot:1	Epoch:7	Loss:2.45	MRR:15.73	Hits@10:28.11	
2024-10-18 15:37:57,497 INFO    : Snapshot:1	Epoch:8	Loss:2.112	MRR:16.84	Hits@10:29.87	
2024-10-18 15:38:08,211 INFO    : Snapshot:1	Epoch:9	Loss:1.819	MRR:17.95	Hits@10:31.43	
2024-10-18 15:38:19,380 INFO    : Snapshot:1	Epoch:10	Loss:1.623	MRR:18.81	Hits@10:32.88	
2024-10-18 15:38:30,164 INFO    : Snapshot:1	Epoch:11	Loss:1.402	MRR:19.58	Hits@10:34.16	
2024-10-18 15:38:41,767 INFO    : Snapshot:1	Epoch:12	Loss:1.244	MRR:20.31	Hits@10:35.18	
2024-10-18 15:38:52,519 INFO    : Snapshot:1	Epoch:13	Loss:1.11	MRR:20.92	Hits@10:36.25	
2024-10-18 15:39:03,595 INFO    : Snapshot:1	Epoch:14	Loss:1.018	MRR:21.46	Hits@10:37.29	
2024-10-18 15:39:14,744 INFO    : Snapshot:1	Epoch:15	Loss:0.919	MRR:21.99	Hits@10:38.04	
2024-10-18 15:39:26,363 INFO    : Snapshot:1	Epoch:16	Loss:0.835	MRR:22.42	Hits@10:38.83	
2024-10-18 15:39:37,164 INFO    : Snapshot:1	Epoch:17	Loss:0.771	MRR:22.73	Hits@10:39.54	
2024-10-18 15:39:47,941 INFO    : Snapshot:1	Epoch:18	Loss:0.729	MRR:23.01	Hits@10:40.11	
2024-10-18 15:39:58,786 INFO    : Snapshot:1	Epoch:19	Loss:0.682	MRR:23.38	Hits@10:40.65	
2024-10-18 15:40:09,676 INFO    : Snapshot:1	Epoch:20	Loss:0.638	MRR:23.65	Hits@10:40.97	
2024-10-18 15:40:21,188 INFO    : Snapshot:1	Epoch:21	Loss:0.603	MRR:23.84	Hits@10:41.35	
2024-10-18 15:40:31,961 INFO    : Snapshot:1	Epoch:22	Loss:0.579	MRR:23.98	Hits@10:41.62	
2024-10-18 15:40:42,687 INFO    : Snapshot:1	Epoch:23	Loss:0.547	MRR:24.14	Hits@10:41.99	
2024-10-18 15:40:54,262 INFO    : Snapshot:1	Epoch:24	Loss:0.512	MRR:24.41	Hits@10:42.4	
2024-10-18 15:41:05,103 INFO    : Snapshot:1	Epoch:25	Loss:0.488	MRR:24.44	Hits@10:42.41	
2024-10-18 15:41:16,160 INFO    : Snapshot:1	Epoch:26	Loss:0.482	MRR:24.52	Hits@10:42.64	
2024-10-18 15:41:27,833 INFO    : Snapshot:1	Epoch:27	Loss:0.456	MRR:24.81	Hits@10:42.92	
2024-10-18 15:41:38,890 INFO    : Snapshot:1	Epoch:28	Loss:0.437	MRR:24.93	Hits@10:43.18	
2024-10-18 15:41:50,360 INFO    : Snapshot:1	Epoch:29	Loss:0.423	MRR:25.05	Hits@10:43.47	
2024-10-18 15:42:01,540 INFO    : Snapshot:1	Epoch:30	Loss:0.413	MRR:25.13	Hits@10:43.5	
2024-10-18 15:42:12,294 INFO    : Snapshot:1	Epoch:31	Loss:0.392	MRR:25.24	Hits@10:43.73	
2024-10-18 15:42:23,222 INFO    : Snapshot:1	Epoch:32	Loss:0.387	MRR:25.28	Hits@10:43.9	
2024-10-18 15:42:35,980 INFO    : Snapshot:1	Epoch:33	Loss:0.358	MRR:25.32	Hits@10:43.93	
2024-10-18 15:42:46,864 INFO    : Snapshot:1	Epoch:34	Loss:0.36	MRR:25.36	Hits@10:44.07	
2024-10-18 15:42:57,265 INFO    : Snapshot:1	Epoch:35	Loss:0.34	MRR:25.34	Hits@10:44.07	
2024-10-18 15:43:07,721 INFO    : Snapshot:1	Epoch:36	Loss:0.339	MRR:25.37	Hits@10:44.11	
2024-10-18 15:43:18,342 INFO    : Snapshot:1	Epoch:37	Loss:0.334	MRR:25.4	Hits@10:44.16	
2024-10-18 15:43:29,707 INFO    : Snapshot:1	Epoch:38	Loss:0.322	MRR:25.46	Hits@10:44.19	
2024-10-18 15:43:40,376 INFO    : Snapshot:1	Epoch:39	Loss:0.319	MRR:25.58	Hits@10:44.27	
2024-10-18 15:43:50,734 INFO    : Snapshot:1	Epoch:40	Loss:0.307	MRR:25.67	Hits@10:44.22	
2024-10-18 15:44:01,040 INFO    : Snapshot:1	Epoch:41	Loss:0.302	MRR:25.63	Hits@10:44.34	
2024-10-18 15:44:11,388 INFO    : Snapshot:1	Epoch:42	Loss:0.289	MRR:25.62	Hits@10:44.34	
2024-10-18 15:44:21,823 INFO    : Early Stopping! Snapshot:1 Epoch: 43 Best Results: 25.67
2024-10-18 15:44:21,824 INFO    : => loading checkpoint './checkpoint/ENTITY-TransE-LKGE-Margin/1model_best.tar'
2024-10-18 15:44:29,100 INFO    : 
+------------+--------+--------+--------+--------+---------+
| Snapshot:1 |  MRR   | Hits@1 | Hits@3 | Hits@5 | Hits@10 |
+------------+--------+--------+--------+--------+---------+
|     0      | 0.3404 | 0.2205 | 0.3943 | 0.4671 |  0.5714 |
|     1      | 0.2536 | 0.1567 | 0.2899 | 0.3519 |  0.4388 |
+------------+--------+--------+--------+--------+---------+
2024-10-18 15:44:29,100 INFO    : Plan_weight的transfer策略还没确定，目前Plan_weight还没有transfer
2024-10-18 15:44:29,101 INFO    : Model Parameter Configuration:
2024-10-18 15:44:29,101 INFO    : Parameter ent_embeddings: torch.Size([2909, 200]), require_grad = True
2024-10-18 15:44:29,102 INFO    : Parameter rel_embeddings: torch.Size([472, 200]), require_grad = True
2024-10-18 15:44:29,102 INFO    : Parameter linear_w: torch.Size([2909, 1]), require_grad = True
2024-10-18 15:44:29,102 INFO    : Parameter expand_ent_embeddings: torch.Size([5817, 200]), require_grad = True
2024-10-18 15:44:29,102 INFO    : Parameter expand_linear_w: torch.Size([5817, 1]), require_grad = True
2024-10-18 15:45:08,552 INFO    : Snapshot:2	Epoch:0	Loss:0.352	
2024-10-18 15:45:17,941 INFO    : Snapshot:2	Epoch:1	Loss:0.267	
2024-10-18 15:45:27,865 INFO    : Snapshot:2	Epoch:2	Loss:0.216	
2024-10-18 15:45:37,147 INFO    : Snapshot:2	Epoch:3	Loss:0.182	
2024-10-18 15:45:46,421 INFO    : Snapshot:2	Epoch:4	Loss:0.167	
2024-10-18 15:45:56,270 INFO    : Snapshot:2	Epoch:5	Loss:0.146	
2024-10-18 15:46:05,597 INFO    : Snapshot:2	Epoch:6	Loss:0.132	
2024-10-18 15:46:14,877 INFO    : Snapshot:2	Epoch:7	Loss:0.123	
2024-10-18 15:46:24,289 INFO    : Snapshot:2	Epoch:8	Loss:0.11	
2024-10-18 15:46:34,143 INFO    : Snapshot:2	Epoch:9	Loss:0.104	
2024-10-18 15:46:43,559 INFO    : Snapshot:2	Epoch:10	Loss:0.098	
2024-10-18 15:46:53,065 INFO    : Snapshot:2	Epoch:11	Loss:0.096	
2024-10-18 15:47:03,253 INFO    : Snapshot:2	Epoch:12	Loss:0.088	
2024-10-18 15:47:12,521 INFO    : Snapshot:2	Epoch:13	Loss:0.083	
2024-10-18 15:47:21,784 INFO    : Snapshot:2	Epoch:14	Loss:0.076	
2024-10-18 15:47:21,786 INFO    : Plan_weight 产生新权重
2024-10-18 15:47:21,786 INFO    : Model Parameter Configuration:
2024-10-18 15:47:21,787 INFO    : Parameter ent_embeddings: torch.Size([2909, 200]), require_grad = False
2024-10-18 15:47:21,787 INFO    : Parameter rel_embeddings: torch.Size([472, 200]), require_grad = True
2024-10-18 15:47:21,787 INFO    : Parameter linear_w: torch.Size([2909, 1]), require_grad = False
2024-10-18 15:47:21,787 INFO    : Parameter expand_ent_embeddings: torch.Size([8725, 200]), require_grad = True
2024-10-18 15:47:21,787 INFO    : Parameter expand_linear_w: torch.Size([8725, 1]), require_grad = True
2024-10-18 15:48:12,872 INFO    : Snapshot:2	Epoch:0	Loss:10.687	MRR:5.78	Hits@10:13.96	
2024-10-18 15:48:27,155 INFO    : Snapshot:2	Epoch:1	Loss:9.329	MRR:7.39	Hits@10:16.3	
2024-10-18 15:48:42,312 INFO    : Snapshot:2	Epoch:2	Loss:8.042	MRR:9.23	Hits@10:18.23	
2024-10-18 15:48:56,508 INFO    : Snapshot:2	Epoch:3	Loss:6.754	MRR:11.07	Hits@10:20.57	
2024-10-18 15:49:10,815 INFO    : Snapshot:2	Epoch:4	Loss:5.569	MRR:12.85	Hits@10:23.22	
2024-10-18 15:49:25,149 INFO    : Snapshot:2	Epoch:5	Loss:4.492	MRR:14.4	Hits@10:25.42	
2024-10-18 15:49:39,959 INFO    : Snapshot:2	Epoch:6	Loss:3.692	MRR:15.86	Hits@10:27.56	
2024-10-18 15:49:54,355 INFO    : Snapshot:2	Epoch:7	Loss:3.041	MRR:17.02	Hits@10:29.59	
2024-10-18 15:50:09,044 INFO    : Snapshot:2	Epoch:8	Loss:2.531	MRR:18.12	Hits@10:31.27	
2024-10-18 15:50:23,423 INFO    : Snapshot:2	Epoch:9	Loss:2.161	MRR:19.04	Hits@10:32.49	
2024-10-18 15:50:38,317 INFO    : Snapshot:2	Epoch:10	Loss:1.857	MRR:19.78	Hits@10:33.84	
2024-10-18 15:50:52,617 INFO    : Snapshot:2	Epoch:11	Loss:1.606	MRR:20.27	Hits@10:34.76	
2024-10-18 15:51:06,876 INFO    : Snapshot:2	Epoch:12	Loss:1.429	MRR:20.79	Hits@10:35.55	
2024-10-18 15:51:21,409 INFO    : Snapshot:2	Epoch:13	Loss:1.258	MRR:21.17	Hits@10:36.31	
2024-10-18 15:51:36,288 INFO    : Snapshot:2	Epoch:14	Loss:1.116	MRR:21.43	Hits@10:36.9	
2024-10-18 15:51:50,541 INFO    : Snapshot:2	Epoch:15	Loss:1.03	MRR:21.73	Hits@10:37.32	
2024-10-18 15:52:04,896 INFO    : Snapshot:2	Epoch:16	Loss:0.944	MRR:21.97	Hits@10:37.54	
2024-10-18 15:52:19,545 INFO    : Snapshot:2	Epoch:17	Loss:0.861	MRR:22.06	Hits@10:37.81	
2024-10-18 15:52:36,645 INFO    : Snapshot:2	Epoch:18	Loss:0.788	MRR:22.15	Hits@10:38.22	
2024-10-18 15:52:52,561 INFO    : Snapshot:2	Epoch:19	Loss:0.736	MRR:22.43	Hits@10:38.62	
2024-10-18 15:53:08,533 INFO    : Snapshot:2	Epoch:20	Loss:0.703	MRR:22.56	Hits@10:38.72	
2024-10-18 15:53:24,697 INFO    : Snapshot:2	Epoch:21	Loss:0.649	MRR:22.62	Hits@10:38.78	
2024-10-18 15:53:41,302 INFO    : Snapshot:2	Epoch:22	Loss:0.633	MRR:22.64	Hits@10:38.94	
2024-10-18 15:53:59,627 INFO    : Snapshot:2	Epoch:23	Loss:0.589	MRR:22.7	Hits@10:39.2	
2024-10-18 15:54:17,125 INFO    : Snapshot:2	Epoch:24	Loss:0.565	MRR:22.78	Hits@10:39.33	
2024-10-18 15:54:33,653 INFO    : Snapshot:2	Epoch:25	Loss:0.54	MRR:22.95	Hits@10:39.53	
2024-10-18 15:54:49,697 INFO    : Snapshot:2	Epoch:26	Loss:0.507	MRR:22.97	Hits@10:39.54	
2024-10-18 15:55:06,265 INFO    : Snapshot:2	Epoch:27	Loss:0.501	MRR:23.01	Hits@10:39.53	
2024-10-18 15:55:23,055 INFO    : Snapshot:2	Epoch:28	Loss:0.479	MRR:23.07	Hits@10:39.7	
2024-10-18 15:55:39,187 INFO    : Snapshot:2	Epoch:29	Loss:0.465	MRR:22.99	Hits@10:39.8	
2024-10-18 15:55:55,235 INFO    : Snapshot:2	Epoch:30	Loss:0.475	MRR:23.01	Hits@10:39.74	
2024-10-18 15:56:11,801 INFO    : Early Stopping! Snapshot:2 Epoch: 31 Best Results: 23.07
2024-10-18 15:56:11,801 INFO    : => loading checkpoint './checkpoint/ENTITY-TransE-LKGE-Margin/2model_best.tar'
2024-10-18 15:56:26,316 INFO    : 
+------------+--------+--------+--------+--------+---------+
| Snapshot:2 |  MRR   | Hits@1 | Hits@3 | Hits@5 | Hits@10 |
+------------+--------+--------+--------+--------+---------+
|     0      | 0.3315 | 0.2143 | 0.3821 | 0.4519 |  0.5589 |
|     1      | 0.2463 | 0.1524 | 0.279  |  0.34  |  0.4282 |
|     2      | 0.2354 | 0.145  | 0.2731 | 0.3263 |  0.4004 |
+------------+--------+--------+--------+--------+---------+
2024-10-18 15:56:26,317 INFO    : Plan_weight的transfer策略还没确定，目前Plan_weight还没有transfer
2024-10-18 15:56:26,319 INFO    : Model Parameter Configuration:
2024-10-18 15:56:26,319 INFO    : Parameter ent_embeddings: torch.Size([2909, 200]), require_grad = True
2024-10-18 15:56:26,319 INFO    : Parameter rel_embeddings: torch.Size([474, 200]), require_grad = True
2024-10-18 15:56:26,319 INFO    : Parameter linear_w: torch.Size([2909, 1]), require_grad = True
2024-10-18 15:56:26,319 INFO    : Parameter expand_ent_embeddings: torch.Size([8725, 200]), require_grad = True
2024-10-18 15:56:26,319 INFO    : Parameter expand_linear_w: torch.Size([8725, 1]), require_grad = True
2024-10-18 15:57:08,034 INFO    : Snapshot:3	Epoch:0	Loss:0.525	
2024-10-18 15:57:18,901 INFO    : Snapshot:3	Epoch:1	Loss:0.381	
2024-10-18 15:57:29,287 INFO    : Snapshot:3	Epoch:2	Loss:0.298	
2024-10-18 15:57:39,707 INFO    : Snapshot:3	Epoch:3	Loss:0.254	
2024-10-18 15:57:50,011 INFO    : Snapshot:3	Epoch:4	Loss:0.212	
2024-10-18 15:58:01,030 INFO    : Snapshot:3	Epoch:5	Loss:0.217	
2024-10-18 15:58:11,371 INFO    : Snapshot:3	Epoch:6	Loss:0.206	
2024-10-18 15:58:21,594 INFO    : Snapshot:3	Epoch:7	Loss:0.177	
2024-10-18 15:58:32,895 INFO    : Snapshot:3	Epoch:8	Loss:0.159	
2024-10-18 15:58:43,173 INFO    : Snapshot:3	Epoch:9	Loss:0.168	
2024-10-18 15:58:53,567 INFO    : Snapshot:3	Epoch:10	Loss:0.183	
2024-10-18 15:59:04,863 INFO    : Snapshot:3	Epoch:11	Loss:0.177	
2024-10-18 15:59:15,729 INFO    : Snapshot:3	Epoch:12	Loss:0.185	
2024-10-18 15:59:26,268 INFO    : Snapshot:3	Epoch:13	Loss:0.194	
2024-10-18 15:59:36,652 INFO    : Snapshot:3	Epoch:14	Loss:0.204	
2024-10-18 15:59:36,654 INFO    : Plan_weight 产生新权重
2024-10-18 15:59:36,656 INFO    : Model Parameter Configuration:
2024-10-18 15:59:36,656 INFO    : Parameter ent_embeddings: torch.Size([2909, 200]), require_grad = False
2024-10-18 15:59:36,657 INFO    : Parameter rel_embeddings: torch.Size([474, 200]), require_grad = True
2024-10-18 15:59:36,657 INFO    : Parameter linear_w: torch.Size([2909, 1]), require_grad = False
2024-10-18 15:59:36,657 INFO    : Parameter expand_ent_embeddings: torch.Size([11633, 200]), require_grad = True
2024-10-18 15:59:36,657 INFO    : Parameter expand_linear_w: torch.Size([11633, 1]), require_grad = True
2024-10-18 16:00:31,902 INFO    : Snapshot:3	Epoch:0	Loss:12.468	MRR:5.82	Hits@10:13.73	
2024-10-18 16:00:49,814 INFO    : Snapshot:3	Epoch:1	Loss:10.901	MRR:7.56	Hits@10:16.15	
2024-10-18 16:01:07,734 INFO    : Snapshot:3	Epoch:2	Loss:9.459	MRR:9.4	Hits@10:18.47	
2024-10-18 16:01:25,519 INFO    : Snapshot:3	Epoch:3	Loss:7.979	MRR:11.24	Hits@10:21.44	
2024-10-18 16:01:43,799 INFO    : Snapshot:3	Epoch:4	Loss:6.526	MRR:12.86	Hits@10:24.05	
2024-10-18 16:02:01,812 INFO    : Snapshot:3	Epoch:5	Loss:5.367	MRR:14.49	Hits@10:26.51	
2024-10-18 16:02:19,444 INFO    : Snapshot:3	Epoch:6	Loss:4.384	MRR:15.82	Hits@10:28.47	
2024-10-18 16:02:36,700 INFO    : Snapshot:3	Epoch:7	Loss:3.635	MRR:16.9	Hits@10:30.32	
2024-10-18 16:02:54,859 INFO    : Snapshot:3	Epoch:8	Loss:3.016	MRR:18.03	Hits@10:31.92	
2024-10-18 16:03:14,466 INFO    : Snapshot:3	Epoch:9	Loss:2.542	MRR:18.86	Hits@10:33.24	
2024-10-18 16:03:31,719 INFO    : Snapshot:3	Epoch:10	Loss:2.173	MRR:19.4	Hits@10:34.1	
2024-10-18 16:03:49,478 INFO    : Snapshot:3	Epoch:11	Loss:1.905	MRR:19.91	Hits@10:34.93	
2024-10-18 16:04:07,257 INFO    : Snapshot:3	Epoch:12	Loss:1.639	MRR:20.44	Hits@10:35.69	
2024-10-18 16:04:25,076 INFO    : Snapshot:3	Epoch:13	Loss:1.457	MRR:20.79	Hits@10:36.31	
2024-10-18 16:04:42,021 INFO    : Snapshot:3	Epoch:14	Loss:1.293	MRR:21.09	Hits@10:36.75	
2024-10-18 16:05:00,549 INFO    : Snapshot:3	Epoch:15	Loss:1.165	MRR:21.23	Hits@10:37.12	
2024-10-18 16:05:17,745 INFO    : Snapshot:3	Epoch:16	Loss:1.064	MRR:21.53	Hits@10:37.42	
2024-10-18 16:05:36,778 INFO    : Snapshot:3	Epoch:17	Loss:0.985	MRR:21.72	Hits@10:37.75	
2024-10-18 16:05:53,905 INFO    : Snapshot:3	Epoch:18	Loss:0.907	MRR:21.8	Hits@10:37.94	
2024-10-18 16:06:10,617 INFO    : Snapshot:3	Epoch:19	Loss:0.813	MRR:21.88	Hits@10:38.22	
2024-10-18 16:06:27,009 INFO    : Snapshot:3	Epoch:20	Loss:0.767	MRR:21.93	Hits@10:38.43	
2024-10-18 16:06:49,084 INFO    : Snapshot:3	Epoch:21	Loss:0.71	MRR:21.98	Hits@10:38.67	
2024-10-18 16:07:08,220 INFO    : Snapshot:3	Epoch:22	Loss:0.668	MRR:22.03	Hits@10:38.63	
2024-10-18 16:07:29,975 INFO    : Snapshot:3	Epoch:23	Loss:0.633	MRR:22.17	Hits@10:38.59	
2024-10-18 16:07:51,339 INFO    : Snapshot:3	Epoch:24	Loss:0.625	MRR:22.44	Hits@10:38.97	
2024-10-18 16:08:11,307 INFO    : Snapshot:3	Epoch:25	Loss:0.58	MRR:22.45	Hits@10:39.16	
2024-10-18 16:08:33,363 INFO    : Snapshot:3	Epoch:26	Loss:0.559	MRR:22.39	Hits@10:38.82	
2024-10-18 16:08:52,462 INFO    : Snapshot:3	Epoch:27	Loss:0.525	MRR:22.29	Hits@10:38.9	
2024-10-18 16:09:13,802 INFO    : Early Stopping! Snapshot:3 Epoch: 28 Best Results: 22.45
2024-10-18 16:09:13,802 INFO    : => loading checkpoint './checkpoint/ENTITY-TransE-LKGE-Margin/3model_best.tar'
2024-10-18 16:09:46,843 INFO    : 
+------------+--------+--------+--------+--------+---------+
| Snapshot:3 |  MRR   | Hits@1 | Hits@3 | Hits@5 | Hits@10 |
+------------+--------+--------+--------+--------+---------+
|     0      | 0.3167 | 0.1995 | 0.3643 | 0.4382 |  0.5437 |
|     1      | 0.2386 | 0.1462 | 0.2699 | 0.3299 |  0.4166 |
|     2      | 0.2291 | 0.1397 | 0.2667 | 0.3194 |  0.3932 |
|     3      | 0.2215 | 0.1323 | 0.2592 | 0.3165 |  0.3896 |
+------------+--------+--------+--------+--------+---------+
2024-10-18 16:09:46,844 INFO    : Plan_weight的transfer策略还没确定，目前Plan_weight还没有transfer
2024-10-18 16:09:46,845 INFO    : Model Parameter Configuration:
2024-10-18 16:09:46,845 INFO    : Parameter ent_embeddings: torch.Size([2909, 200]), require_grad = True
2024-10-18 16:09:46,845 INFO    : Parameter rel_embeddings: torch.Size([474, 200]), require_grad = True
2024-10-18 16:09:46,845 INFO    : Parameter linear_w: torch.Size([2909, 1]), require_grad = True
2024-10-18 16:09:46,846 INFO    : Parameter expand_ent_embeddings: torch.Size([11633, 200]), require_grad = True
2024-10-18 16:09:46,846 INFO    : Parameter expand_linear_w: torch.Size([11633, 1]), require_grad = True
2024-10-18 16:10:35,105 INFO    : Snapshot:4	Epoch:0	Loss:0.593	
2024-10-18 16:10:50,590 INFO    : Snapshot:4	Epoch:1	Loss:0.375	
2024-10-18 16:11:04,185 INFO    : Snapshot:4	Epoch:2	Loss:0.263	
2024-10-18 16:11:17,917 INFO    : Snapshot:4	Epoch:3	Loss:0.212	
2024-10-18 16:11:32,913 INFO    : Snapshot:4	Epoch:4	Loss:0.176	
2024-10-18 16:11:47,583 INFO    : Snapshot:4	Epoch:5	Loss:0.149	
2024-10-18 16:12:01,790 INFO    : Snapshot:4	Epoch:6	Loss:0.127	
2024-10-18 16:12:15,491 INFO    : Snapshot:4	Epoch:7	Loss:0.111	
2024-10-18 16:12:29,091 INFO    : Snapshot:4	Epoch:8	Loss:0.11	
2024-10-18 16:12:44,098 INFO    : Snapshot:4	Epoch:9	Loss:0.095	
2024-10-18 16:12:59,108 INFO    : Snapshot:4	Epoch:10	Loss:0.08	
2024-10-18 16:13:13,274 INFO    : Snapshot:4	Epoch:11	Loss:0.082	
2024-10-18 16:13:27,833 INFO    : Snapshot:4	Epoch:12	Loss:0.079	
2024-10-18 16:13:41,976 INFO    : Snapshot:4	Epoch:13	Loss:0.073	
2024-10-18 16:13:56,082 INFO    : Snapshot:4	Epoch:14	Loss:0.071	
2024-10-18 16:13:56,085 INFO    : Plan_weight 产生新权重
2024-10-18 16:13:56,085 INFO    : Model Parameter Configuration:
2024-10-18 16:13:56,085 INFO    : Parameter ent_embeddings: torch.Size([2909, 200]), require_grad = False
2024-10-18 16:13:56,086 INFO    : Parameter rel_embeddings: torch.Size([474, 200]), require_grad = True
2024-10-18 16:13:56,086 INFO    : Parameter linear_w: torch.Size([2909, 1]), require_grad = False
2024-10-18 16:13:56,086 INFO    : Parameter expand_ent_embeddings: torch.Size([14541, 200]), require_grad = True
2024-10-18 16:13:56,086 INFO    : Parameter expand_linear_w: torch.Size([14541, 1]), require_grad = True
2024-10-18 16:14:59,131 INFO    : Snapshot:4	Epoch:0	Loss:15.45	MRR:8.04	Hits@10:17.7	
2024-10-18 16:15:19,167 INFO    : Snapshot:4	Epoch:1	Loss:12.915	MRR:11.43	Hits@10:21.21	
2024-10-18 16:15:41,913 INFO    : Snapshot:4	Epoch:2	Loss:10.63	MRR:14.01	Hits@10:25.62	
2024-10-18 16:16:02,511 INFO    : Snapshot:4	Epoch:3	Loss:8.462	MRR:16.56	Hits@10:30.61	
2024-10-18 16:16:27,057 INFO    : Snapshot:4	Epoch:4	Loss:6.587	MRR:18.84	Hits@10:34.89	
2024-10-18 16:16:46,074 INFO    : Snapshot:4	Epoch:5	Loss:5.196	MRR:20.4	Hits@10:37.41	
2024-10-18 16:17:07,409 INFO    : Snapshot:4	Epoch:6	Loss:4.152	MRR:21.69	Hits@10:39.76	
2024-10-18 16:17:28,071 INFO    : Snapshot:4	Epoch:7	Loss:3.345	MRR:22.96	Hits@10:41.36	
2024-10-18 16:17:50,754 INFO    : Snapshot:4	Epoch:8	Loss:2.784	MRR:24.25	Hits@10:42.94	
2024-10-18 16:18:09,876 INFO    : Snapshot:4	Epoch:9	Loss:2.294	MRR:24.98	Hits@10:43.89	
2024-10-18 16:18:31,072 INFO    : Snapshot:4	Epoch:10	Loss:1.879	MRR:25.55	Hits@10:44.72	
2024-10-18 16:18:51,724 INFO    : Snapshot:4	Epoch:11	Loss:1.621	MRR:25.87	Hits@10:45.09	
2024-10-18 16:19:12,478 INFO    : Snapshot:4	Epoch:12	Loss:1.417	MRR:26.26	Hits@10:45.63	
2024-10-18 16:19:31,549 INFO    : Snapshot:4	Epoch:13	Loss:1.223	MRR:26.32	Hits@10:45.62	
2024-10-18 16:19:50,904 INFO    : Snapshot:4	Epoch:14	Loss:1.09	MRR:26.58	Hits@10:46.0	
2024-10-18 16:20:09,191 INFO    : Snapshot:4	Epoch:15	Loss:0.953	MRR:26.6	Hits@10:46.25	
2024-10-18 16:20:28,696 INFO    : Snapshot:4	Epoch:16	Loss:0.886	MRR:26.58	Hits@10:46.11	
2024-10-18 16:20:47,633 INFO    : Snapshot:4	Epoch:17	Loss:0.798	MRR:26.73	Hits@10:46.53	
2024-10-18 16:21:07,245 INFO    : Snapshot:4	Epoch:18	Loss:0.765	MRR:26.99	Hits@10:46.39	
2024-10-18 16:21:26,731 INFO    : Snapshot:4	Epoch:19	Loss:0.738	MRR:26.91	Hits@10:46.45	
2024-10-18 16:21:46,364 INFO    : Snapshot:4	Epoch:20	Loss:0.709	MRR:26.78	Hits@10:46.32	
2024-10-18 16:22:04,387 INFO    : Snapshot:4	Epoch:21	Loss:0.642	MRR:27.05	Hits@10:46.39	
2024-10-18 16:22:22,862 INFO    : Snapshot:4	Epoch:22	Loss:0.616	MRR:27.18	Hits@10:46.58	
2024-10-18 16:22:41,726 INFO    : Snapshot:4	Epoch:23	Loss:0.582	MRR:27.02	Hits@10:46.48	
2024-10-18 16:22:59,105 INFO    : Snapshot:4	Epoch:24	Loss:0.525	MRR:27.08	Hits@10:46.56	
2024-10-18 16:23:16,693 INFO    : Snapshot:4	Epoch:25	Loss:0.508	MRR:27.23	Hits@10:46.6	
2024-10-18 16:23:34,134 INFO    : Snapshot:4	Epoch:26	Loss:0.484	MRR:27.12	Hits@10:46.64	
2024-10-18 16:23:53,087 INFO    : Snapshot:4	Epoch:27	Loss:0.479	MRR:27.13	Hits@10:46.55	
2024-10-18 16:24:12,885 INFO    : Early Stopping! Snapshot:4 Epoch: 28 Best Results: 27.23
2024-10-18 16:24:12,886 INFO    : => loading checkpoint './checkpoint/ENTITY-TransE-LKGE-Margin/4model_best.tar'
2024-10-18 16:24:43,245 INFO    : 
+------------+--------+--------+--------+--------+---------+
| Snapshot:4 |  MRR   | Hits@1 | Hits@3 | Hits@5 | Hits@10 |
+------------+--------+--------+--------+--------+---------+
|     0      | 0.3125 | 0.2002 | 0.3541 | 0.4267 |  0.533  |
|     1      | 0.2278 |  0.14  | 0.2552 | 0.312  |  0.3995 |
|     2      | 0.2182 | 0.1348 | 0.2499 | 0.3014 |  0.3768 |
|     3      | 0.2138 | 0.1295 | 0.2479 | 0.3012 |  0.3725 |
|     4      | 0.274  | 0.1693 | 0.3266 | 0.3947 |  0.4746 |
+------------+--------+--------+--------+--------+---------+
2024-10-18 16:24:43,250 INFO    : Final Result:
[+------------+--------+--------+--------+--------+---------+
| Snapshot:0 |  MRR   | Hits@1 | Hits@3 | Hits@5 | Hits@10 |
+------------+--------+--------+--------+--------+---------+
|     0      | 0.3436 | 0.2213 | 0.4006 | 0.4751 |  0.5745 |
+------------+--------+--------+--------+--------+---------+, +------------+--------+--------+--------+--------+---------+
| Snapshot:1 |  MRR   | Hits@1 | Hits@3 | Hits@5 | Hits@10 |
+------------+--------+--------+--------+--------+---------+
|     0      | 0.3404 | 0.2205 | 0.3943 | 0.4671 |  0.5714 |
|     1      | 0.2536 | 0.1567 | 0.2899 | 0.3519 |  0.4388 |
+------------+--------+--------+--------+--------+---------+, +------------+--------+--------+--------+--------+---------+
| Snapshot:2 |  MRR   | Hits@1 | Hits@3 | Hits@5 | Hits@10 |
+------------+--------+--------+--------+--------+---------+
|     0      | 0.3315 | 0.2143 | 0.3821 | 0.4519 |  0.5589 |
|     1      | 0.2463 | 0.1524 | 0.279  |  0.34  |  0.4282 |
|     2      | 0.2354 | 0.145  | 0.2731 | 0.3263 |  0.4004 |
+------------+--------+--------+--------+--------+---------+, +------------+--------+--------+--------+--------+---------+
| Snapshot:3 |  MRR   | Hits@1 | Hits@3 | Hits@5 | Hits@10 |
+------------+--------+--------+--------+--------+---------+
|     0      | 0.3167 | 0.1995 | 0.3643 | 0.4382 |  0.5437 |
|     1      | 0.2386 | 0.1462 | 0.2699 | 0.3299 |  0.4166 |
|     2      | 0.2291 | 0.1397 | 0.2667 | 0.3194 |  0.3932 |
|     3      | 0.2215 | 0.1323 | 0.2592 | 0.3165 |  0.3896 |
+------------+--------+--------+--------+--------+---------+, +------------+--------+--------+--------+--------+---------+
| Snapshot:4 |  MRR   | Hits@1 | Hits@3 | Hits@5 | Hits@10 |
+------------+--------+--------+--------+--------+---------+
|     0      | 0.3125 | 0.2002 | 0.3541 | 0.4267 |  0.533  |
|     1      | 0.2278 |  0.14  | 0.2552 | 0.312  |  0.3995 |
|     2      | 0.2182 | 0.1348 | 0.2499 | 0.3014 |  0.3768 |
|     3      | 0.2138 | 0.1295 | 0.2479 | 0.3012 |  0.3725 |
|     4      | 0.274  | 0.1693 | 0.3266 | 0.3947 |  0.4746 |
+------------+--------+--------+--------+--------+---------+]
2024-10-18 16:24:43,251 INFO    : Report Result:
+----------+-------------------+-----------+--------------+--------------+---------------+
| Snapshot |        Time       | Whole_MRR | Whole_Hits@1 | Whole_Hits@3 | Whole_Hits@10 |
+----------+-------------------+-----------+--------------+--------------+---------------+
|    0     |         0         |   0.344   |    0.221     |    0.401     |     0.575     |
|    1     | 586.2835068702698 |   0.288   |    0.182     |    0.331     |     0.491     |
|    2     | 635.6083920001984 |   0.263   |    0.164     |    0.302     |     0.449     |
|    3     | 698.6828546524048 |   0.245   |     0.15     |    0.283     |     0.425     |
|    4     |  792.743501663208 |   0.242   |     0.15     |    0.278     |     0.419     |
+----------+-------------------+-----------+--------------+--------------+---------------+
2024-10-18 16:24:43,252 INFO    : Sum_Training_Time:2713.318255186081
2024-10-18 16:24:43,252 INFO    : Every_Training_Time:[0, 586.2835068702698, 635.6083920001984, 698.6828546524048, 792.743501663208]
2024-10-18 16:37:02,794 INFO    : 当前模型:Plan_weight
2024-10-18 16:37:02,809 INFO    : Model Parameter Configuration:
2024-10-18 16:37:02,809 INFO    : Parameter ent_embeddings: torch.Size([2909, 200]), require_grad = True
2024-10-18 16:37:02,810 INFO    : Parameter rel_embeddings: torch.Size([466, 200]), require_grad = True
2024-10-18 16:37:02,810 INFO    : Parameter linear_w: torch.Size([2909, 1]), require_grad = True
2024-10-18 16:37:03,990 INFO    : Namespace(snapshot_num=5, dataset='ENTITY', gpu='0', loss_name='Margin', train_new=True, skip_previous='False', lifelong_name='LKGE', optimizer_name='Adam', embedding_model='TransE', epoch_num='100', margin=8.0, batch_size=2048, learning_rate=0.0001, emb_dim=200, l2=0.0, neg_ratio=10, patience=3, regular_weight=0.01, reconstruct_weight=0.1, using_regular_loss='True', using_reconstruct_loss='True', using_embedding_transfer='True', using_finetune='True', save_path='./checkpoint/ENTITY-TransE-LKGE-Margin', data_path='./data/ENTITY/', log_path='./logs/20241018/ENTITY-TransE-LKGE-Margin', num_layer=1, num_workers=1, valid_metrics='mrr', valid=True, note='', seed=55, m_size=1024, PI_GNN='True', rectify_epochs=15, retrain_epochs=60, beta1=0.01, beta2=0.1, rectify_lr=0.0003, retrain_lr=0.0003, rectify_weight_decay=0, retrain_weight_decay=0, Pass_snapshot0='True', Plan_yuan='False', Plan_weight='True', logger=<RootLogger root (INFO)>, device=device(type='cuda', index=0))
2024-10-18 16:37:03,991 INFO    : => loading checkpoint './checkpoint/ENTITY-TransE-LKGE-Margin/0model_best.tar'
2024-10-18 16:37:06,913 INFO    : 
+------------+--------+--------+--------+--------+---------+
| Snapshot:0 |  MRR   | Hits@1 | Hits@3 | Hits@5 | Hits@10 |
+------------+--------+--------+--------+--------+---------+
|     0      | 0.3436 | 0.2213 | 0.4006 | 0.4751 |  0.5745 |
+------------+--------+--------+--------+--------+---------+
2024-10-18 16:37:06,915 INFO    : Plan_weight的transfer策略还没确定，目前Plan_weight还没有transfer
2024-10-18 16:37:06,919 INFO    : Model Parameter Configuration:
2024-10-18 16:37:06,920 INFO    : Parameter ent_embeddings: torch.Size([2909, 200]), require_grad = True
2024-10-18 16:37:06,920 INFO    : Parameter rel_embeddings: torch.Size([472, 200]), require_grad = True
2024-10-18 16:37:06,920 INFO    : Parameter linear_w: torch.Size([2909, 1]), require_grad = True
2024-10-18 16:37:45,069 INFO    : Snapshot:1	Epoch:0	Loss:0.428	
2024-10-18 16:37:51,986 INFO    : Snapshot:1	Epoch:1	Loss:0.371	
2024-10-18 16:37:59,452 INFO    : Snapshot:1	Epoch:2	Loss:0.327	
2024-10-18 16:38:06,278 INFO    : Snapshot:1	Epoch:3	Loss:0.298	
2024-10-18 16:38:13,168 INFO    : Snapshot:1	Epoch:4	Loss:0.264	
2024-10-18 16:38:19,924 INFO    : Snapshot:1	Epoch:5	Loss:0.246	
2024-10-18 16:38:26,895 INFO    : Snapshot:1	Epoch:6	Loss:0.227	
2024-10-18 16:38:34,955 INFO    : Snapshot:1	Epoch:7	Loss:0.21	
2024-10-18 16:38:44,457 INFO    : Snapshot:1	Epoch:8	Loss:0.198	
2024-10-18 16:38:52,337 INFO    : Snapshot:1	Epoch:9	Loss:0.185	
2024-10-18 16:38:59,483 INFO    : Snapshot:1	Epoch:10	Loss:0.173	
2024-10-18 16:39:06,422 INFO    : Snapshot:1	Epoch:11	Loss:0.159	
2024-10-18 16:39:13,314 INFO    : Snapshot:1	Epoch:12	Loss:0.153	
2024-10-18 16:39:20,783 INFO    : Snapshot:1	Epoch:13	Loss:0.145	
2024-10-18 16:39:27,589 INFO    : Snapshot:1	Epoch:14	Loss:0.139	
2024-10-18 16:39:27,591 INFO    : Plan_weight 产生新权重
2024-10-18 16:39:27,591 INFO    : Model Parameter Configuration:
2024-10-18 16:39:27,592 INFO    : Parameter ent_embeddings: torch.Size([2909, 200]), require_grad = False
2024-10-18 16:39:27,592 INFO    : Parameter rel_embeddings: torch.Size([472, 200]), require_grad = True
2024-10-18 16:39:27,592 INFO    : Parameter linear_w: torch.Size([2909, 1]), require_grad = False
2024-10-18 16:39:27,592 INFO    : Parameter expand_ent_embeddings: torch.Size([5817, 200]), require_grad = True
2024-10-18 16:39:27,592 INFO    : Parameter expand_linear_w: torch.Size([5817, 1]), require_grad = True
2024-10-18 16:40:16,226 INFO    : Snapshot:1	Epoch:0	Loss:5.944	MRR:6.02	Hits@10:14.92	
2024-10-18 16:40:27,181 INFO    : Snapshot:1	Epoch:1	Loss:5.414	MRR:7.01	Hits@10:17.0	
2024-10-18 16:40:38,371 INFO    : Snapshot:1	Epoch:2	Loss:4.898	MRR:8.5	Hits@10:18.86	
2024-10-18 16:40:49,515 INFO    : Snapshot:1	Epoch:3	Loss:4.391	MRR:10.26	Hits@10:20.67	
2024-10-18 16:41:00,676 INFO    : Snapshot:1	Epoch:4	Loss:3.824	MRR:11.83	Hits@10:22.51	
2024-10-18 16:41:12,600 INFO    : Snapshot:1	Epoch:5	Loss:3.301	MRR:13.19	Hits@10:24.32	
2024-10-18 16:41:24,717 INFO    : Snapshot:1	Epoch:6	Loss:2.862	MRR:14.54	Hits@10:26.16	
2024-10-18 16:41:37,065 INFO    : Snapshot:1	Epoch:7	Loss:2.45	MRR:15.73	Hits@10:28.11	
2024-10-18 16:41:49,282 INFO    : Snapshot:1	Epoch:8	Loss:2.112	MRR:16.84	Hits@10:29.87	
2024-10-18 16:42:01,505 INFO    : Snapshot:1	Epoch:9	Loss:1.819	MRR:17.95	Hits@10:31.43	
2024-10-18 16:42:13,546 INFO    : Snapshot:1	Epoch:10	Loss:1.623	MRR:18.81	Hits@10:32.88	
2024-10-18 16:42:26,100 INFO    : Snapshot:1	Epoch:11	Loss:1.402	MRR:19.58	Hits@10:34.16	
2024-10-18 16:42:37,826 INFO    : Snapshot:1	Epoch:12	Loss:1.244	MRR:20.31	Hits@10:35.18	
2024-10-18 16:42:49,458 INFO    : Snapshot:1	Epoch:13	Loss:1.11	MRR:20.92	Hits@10:36.25	
2024-10-18 16:43:01,841 INFO    : Snapshot:1	Epoch:14	Loss:1.018	MRR:21.46	Hits@10:37.29	
2024-10-18 16:43:15,263 INFO    : Snapshot:1	Epoch:15	Loss:0.919	MRR:21.99	Hits@10:38.04	
2024-10-18 16:43:30,734 INFO    : Snapshot:1	Epoch:16	Loss:0.835	MRR:22.42	Hits@10:38.83	
2024-10-18 16:43:47,222 INFO    : Snapshot:1	Epoch:17	Loss:0.771	MRR:22.73	Hits@10:39.54	
2024-10-18 16:44:03,578 INFO    : Snapshot:1	Epoch:18	Loss:0.729	MRR:23.01	Hits@10:40.11	
2024-10-18 16:44:19,377 INFO    : Snapshot:1	Epoch:19	Loss:0.682	MRR:23.38	Hits@10:40.65	
2024-10-18 16:44:36,100 INFO    : Snapshot:1	Epoch:20	Loss:0.638	MRR:23.65	Hits@10:40.97	
2024-10-18 16:44:52,010 INFO    : Snapshot:1	Epoch:21	Loss:0.603	MRR:23.84	Hits@10:41.35	
2024-10-18 16:45:09,343 INFO    : Snapshot:1	Epoch:22	Loss:0.579	MRR:23.98	Hits@10:41.62	
2024-10-18 16:45:24,944 INFO    : Snapshot:1	Epoch:23	Loss:0.547	MRR:24.14	Hits@10:41.99	
2024-10-18 16:45:41,071 INFO    : Snapshot:1	Epoch:24	Loss:0.512	MRR:24.41	Hits@10:42.4	
2024-10-18 16:45:57,264 INFO    : Snapshot:1	Epoch:25	Loss:0.488	MRR:24.44	Hits@10:42.41	
2024-10-18 16:46:13,624 INFO    : Snapshot:1	Epoch:26	Loss:0.482	MRR:24.52	Hits@10:42.64	
2024-10-18 16:46:29,193 INFO    : Snapshot:1	Epoch:27	Loss:0.456	MRR:24.81	Hits@10:42.92	
2024-10-18 16:46:45,115 INFO    : Snapshot:1	Epoch:28	Loss:0.437	MRR:24.93	Hits@10:43.18	
2024-10-18 16:47:00,684 INFO    : Snapshot:1	Epoch:29	Loss:0.423	MRR:25.05	Hits@10:43.47	
2024-10-18 16:47:16,911 INFO    : Snapshot:1	Epoch:30	Loss:0.413	MRR:25.13	Hits@10:43.5	
2024-10-18 16:47:33,828 INFO    : Snapshot:1	Epoch:31	Loss:0.392	MRR:25.24	Hits@10:43.73	
2024-10-18 16:47:49,934 INFO    : Snapshot:1	Epoch:32	Loss:0.387	MRR:25.28	Hits@10:43.9	
2024-10-18 16:48:06,384 INFO    : Snapshot:1	Epoch:33	Loss:0.358	MRR:25.32	Hits@10:43.93	
2024-10-18 16:48:22,593 INFO    : Snapshot:1	Epoch:34	Loss:0.36	MRR:25.36	Hits@10:44.07	
2024-10-18 16:48:40,657 INFO    : Snapshot:1	Epoch:35	Loss:0.34	MRR:25.34	Hits@10:44.07	
2024-10-18 16:48:55,905 INFO    : Snapshot:1	Epoch:36	Loss:0.339	MRR:25.37	Hits@10:44.11	
2024-10-18 16:49:11,307 INFO    : Snapshot:1	Epoch:37	Loss:0.334	MRR:25.4	Hits@10:44.16	
2024-10-18 16:49:26,880 INFO    : Snapshot:1	Epoch:38	Loss:0.322	MRR:25.46	Hits@10:44.19	
2024-10-18 16:49:42,671 INFO    : Snapshot:1	Epoch:39	Loss:0.319	MRR:25.58	Hits@10:44.27	
2024-10-18 16:49:59,384 INFO    : Snapshot:1	Epoch:40	Loss:0.307	MRR:25.67	Hits@10:44.22	
2024-10-18 16:50:14,918 INFO    : Snapshot:1	Epoch:41	Loss:0.302	MRR:25.63	Hits@10:44.34	
2024-10-18 16:50:31,593 INFO    : Snapshot:1	Epoch:42	Loss:0.289	MRR:25.62	Hits@10:44.34	
2024-10-18 16:50:47,925 INFO    : Early Stopping! Snapshot:1 Epoch: 43 Best Results: 25.67
2024-10-18 16:50:47,926 INFO    : => loading checkpoint './checkpoint/ENTITY-TransE-LKGE-Margin/1model_best.tar'
2024-10-18 16:51:02,786 INFO    : 
+------------+--------+--------+--------+--------+---------+
| Snapshot:1 |  MRR   | Hits@1 | Hits@3 | Hits@5 | Hits@10 |
+------------+--------+--------+--------+--------+---------+
|     0      | 0.3404 | 0.2205 | 0.3943 | 0.4671 |  0.5714 |
|     1      | 0.2536 | 0.1567 | 0.2899 | 0.3519 |  0.4388 |
+------------+--------+--------+--------+--------+---------+
2024-10-18 16:51:02,787 INFO    : Plan_weight的transfer策略还没确定，目前Plan_weight还没有transfer
2024-10-18 16:51:02,788 INFO    : Model Parameter Configuration:
2024-10-18 16:51:02,788 INFO    : Parameter ent_embeddings: torch.Size([2909, 200]), require_grad = True
2024-10-18 16:51:02,788 INFO    : Parameter rel_embeddings: torch.Size([472, 200]), require_grad = True
2024-10-18 16:51:02,788 INFO    : Parameter linear_w: torch.Size([2909, 1]), require_grad = True
2024-10-18 16:51:02,788 INFO    : Parameter expand_ent_embeddings: torch.Size([5817, 200]), require_grad = True
2024-10-18 16:51:02,789 INFO    : Parameter expand_linear_w: torch.Size([5817, 1]), require_grad = True
2024-10-18 16:51:48,201 INFO    : Snapshot:2	Epoch:0	Loss:0.352	
2024-10-18 16:52:00,971 INFO    : Snapshot:2	Epoch:1	Loss:0.267	
2024-10-18 16:52:13,832 INFO    : Snapshot:2	Epoch:2	Loss:0.216	
2024-10-18 16:52:26,590 INFO    : Snapshot:2	Epoch:3	Loss:0.182	
2024-10-18 16:52:38,992 INFO    : Snapshot:2	Epoch:4	Loss:0.167	
2024-10-18 16:52:51,219 INFO    : Snapshot:2	Epoch:5	Loss:0.146	
2024-10-18 16:53:03,321 INFO    : Snapshot:2	Epoch:6	Loss:0.132	
2024-10-18 16:53:16,297 INFO    : Snapshot:2	Epoch:7	Loss:0.123	
2024-10-18 16:53:28,405 INFO    : Snapshot:2	Epoch:8	Loss:0.11	
2024-10-18 16:53:40,303 INFO    : Snapshot:2	Epoch:9	Loss:0.104	
2024-10-18 16:53:53,042 INFO    : Snapshot:2	Epoch:10	Loss:0.098	
2024-10-18 16:54:05,509 INFO    : Snapshot:2	Epoch:11	Loss:0.096	
2024-10-18 16:54:17,598 INFO    : Snapshot:2	Epoch:12	Loss:0.088	
2024-10-18 16:54:29,641 INFO    : Snapshot:2	Epoch:13	Loss:0.083	
2024-10-18 16:54:42,600 INFO    : Snapshot:2	Epoch:14	Loss:0.076	
2024-10-18 16:54:42,602 INFO    : Plan_weight 产生新权重
2024-10-18 16:54:42,602 INFO    : Model Parameter Configuration:
2024-10-18 16:54:42,602 INFO    : Parameter ent_embeddings: torch.Size([2909, 200]), require_grad = False
2024-10-18 16:54:42,603 INFO    : Parameter rel_embeddings: torch.Size([472, 200]), require_grad = True
2024-10-18 16:54:42,603 INFO    : Parameter linear_w: torch.Size([2909, 1]), require_grad = False
2024-10-18 16:54:42,603 INFO    : Parameter expand_ent_embeddings: torch.Size([8725, 200]), require_grad = True
2024-10-18 16:54:42,603 INFO    : Parameter expand_linear_w: torch.Size([8725, 1]), require_grad = True
2024-10-18 16:55:43,361 INFO    : Snapshot:2	Epoch:0	Loss:10.687	MRR:5.78	Hits@10:13.96	
2024-10-18 16:56:05,531 INFO    : Snapshot:2	Epoch:1	Loss:9.329	MRR:7.39	Hits@10:16.3	
2024-10-18 16:56:26,373 INFO    : Snapshot:2	Epoch:2	Loss:8.042	MRR:9.23	Hits@10:18.23	
2024-10-18 16:56:47,012 INFO    : Snapshot:2	Epoch:3	Loss:6.754	MRR:11.07	Hits@10:20.57	
2024-10-18 16:57:07,601 INFO    : Snapshot:2	Epoch:4	Loss:5.569	MRR:12.85	Hits@10:23.22	
2024-10-18 16:57:28,450 INFO    : Snapshot:2	Epoch:5	Loss:4.492	MRR:14.4	Hits@10:25.42	
2024-10-18 16:57:49,817 INFO    : Snapshot:2	Epoch:6	Loss:3.692	MRR:15.86	Hits@10:27.56	
2024-10-18 16:58:10,378 INFO    : Snapshot:2	Epoch:7	Loss:3.041	MRR:17.02	Hits@10:29.59	
2024-10-18 16:58:32,215 INFO    : Snapshot:2	Epoch:8	Loss:2.531	MRR:18.12	Hits@10:31.27	
2024-10-18 16:58:54,227 INFO    : Snapshot:2	Epoch:9	Loss:2.161	MRR:19.04	Hits@10:32.49	
2024-10-18 16:59:15,402 INFO    : Snapshot:2	Epoch:10	Loss:1.857	MRR:19.78	Hits@10:33.84	
2024-10-18 16:59:36,226 INFO    : Snapshot:2	Epoch:11	Loss:1.606	MRR:20.27	Hits@10:34.76	
2024-10-18 16:59:57,147 INFO    : Snapshot:2	Epoch:12	Loss:1.429	MRR:20.79	Hits@10:35.55	
2024-10-18 17:00:17,353 INFO    : Snapshot:2	Epoch:13	Loss:1.258	MRR:21.17	Hits@10:36.31	
2024-10-18 17:00:38,024 INFO    : Snapshot:2	Epoch:14	Loss:1.116	MRR:21.43	Hits@10:36.9	
2024-10-18 17:00:58,793 INFO    : Snapshot:2	Epoch:15	Loss:1.03	MRR:21.73	Hits@10:37.31	
2024-10-18 17:01:20,343 INFO    : Snapshot:2	Epoch:16	Loss:0.944	MRR:21.96	Hits@10:37.56	
2024-10-18 17:01:41,331 INFO    : Snapshot:2	Epoch:17	Loss:0.861	MRR:22.07	Hits@10:37.83	
